# JRE version: OpenJDK Runtime Environment (8.0_131-b11) (build 1.8.0_131-8u131-b11-0ubuntu1.16.04.2-b11)
# Java VM: OpenJDK 64-Bit Server VM (25.131-b11 mixed mode linux-amd64 compressed oops)
Heap:
 def new generation   total 78464K, used 78444K [0x00000000c0000000, 0x00000000c5520000, 0x00000000d5550000)
  eden space 69760K,  99% used [0x00000000c0000000, 0x00000000c441b2c8, 0x00000000c4420000)
  from space 8704K, 100% used [0x00000000c4420000, 0x00000000c4ca0000, 0x00000000c4ca0000)
  to   space 8704K,  96% used [0x00000000c4ca0000, 0x00000000c54d5140, 0x00000000c5520000)
 tenured generation   total 180724K, used 180482K [0x00000000d5550000, 0x00000000e05cd000, 0x0000000100000000)
   the space 180724K,  99% used [0x00000000d5550000, 0x00000000e0590a50, 0x00000000e0590c00, 0x00000000e05cd000)
 Metaspace       used 69172K, capacity 69904K, committed 70144K, reserved 1110016K
  class space    used 9506K, capacity 9669K, committed 9728K, reserved 1048576K
GC Heap History (10 events):
Event: 4151.216 GC heap after
Heap after GC invocations=999 (full 58):
 def new generation   total 78464K, used 671K [0x00000000c0000000, 0x00000000c5520000, 0x00000000d5550000)
  eden space 69760K,   0% used [0x00000000c0000000, 0x00000000c0000000, 0x00000000c4420000)
  from space 8704K,   7% used [0x00000000c4420000, 0x00000000c44c7c10, 0x00000000c4ca0000)
  to   space 8704K,   0% used [0x00000000c4ca0000, 0x00000000c4ca0000, 0x00000000c5520000)
 tenured generation   total 174188K, used 144269K [0x00000000d5550000, 0x00000000dff6b000, 0x0000000100000000)
   the space 174188K,  82% used [0x00000000d5550000, 0x00000000de233540, 0x00000000de233600, 0x00000000dff6b000)
 Metaspace       used 69165K, capacity 69904K, committed 70144K, reserved 1110016K
  class space    used 9506K, capacity 9669K, committed 9728K, reserved 1048576K
}
Event: 4151.278 GC heap before
{Heap before GC invocations=999 (full 58):
 def new generation   total 78464K, used 70431K [0x00000000c0000000, 0x00000000c5520000, 0x00000000d5550000)
  eden space 69760K, 100% used [0x00000000c0000000, 0x00000000c4420000, 0x00000000c4420000)
  from space 8704K,   7% used [0x00000000c4420000, 0x00000000c44c7c10, 0x00000000c4ca0000)
  to   space 8704K,   0% used [0x00000000c4ca0000, 0x00000000c4ca0000, 0x00000000c5520000)
 tenured generation   total 174188K, used 144269K [0x00000000d5550000, 0x00000000dff6b000, 0x0000000100000000)
   the space 174188K,  82% used [0x00000000d5550000, 0x00000000de233540, 0x00000000de233600, 0x00000000dff6b000)
 Metaspace       used 69165K, capacity 69904K, committed 70144K, reserved 1110016K
  class space    used 9506K, capacity 9669K, committed 9728K, reserved 1048576K
Event: 4151.281 GC heap after
Heap after GC invocations=1000 (full 58):
 def new generation   total 78464K, used 574K [0x00000000c0000000, 0x00000000c5520000, 0x00000000d5550000)
  eden space 69760K,   0% used [0x00000000c0000000, 0x00000000c0000000, 0x00000000c4420000)
  from space 8704K,   6% used [0x00000000c4ca0000, 0x00000000c4d2f920, 0x00000000c5520000)
  to   space 8704K,   0% used [0x00000000c4420000, 0x00000000c4420000, 0x00000000c4ca0000)
 tenured generation   total 174188K, used 144269K [0x00000000d5550000, 0x00000000dff6b000, 0x0000000100000000)
   the space 174188K,  82% used [0x00000000d5550000, 0x00000000de233540, 0x00000000de233600, 0x00000000dff6b000)
 Metaspace       used 69165K, capacity 69904K, committed 70144K, reserved 1110016K
  class space    used 9506K, capacity 9669K, committed 9728K, reserved 1048576K
}
Event: 4151.453 GC heap before
{Heap before GC invocations=1000 (full 58):
 def new generation   total 78464K, used 70334K [0x00000000c0000000, 0x00000000c5520000, 0x00000000d5550000)
  eden space 69760K, 100% used [0x00000000c0000000, 0x00000000c4420000, 0x00000000c4420000)
  from space 8704K,   6% used [0x00000000c4ca0000, 0x00000000c4d2f920, 0x00000000c5520000)
  to   space 8704K,   0% used [0x00000000c4420000, 0x00000000c4420000, 0x00000000c4ca0000)
 tenured generation   total 174188K, used 144269K [0x00000000d5550000, 0x00000000dff6b000, 0x0000000100000000)
   the space 174188K,  82% used [0x00000000d5550000, 0x00000000de233540, 0x00000000de233600, 0x00000000dff6b000)
 Metaspace       used 69170K, capacity 69904K, committed 70144K, reserved 1110016K
  class space    used 9506K, capacity 9669K, committed 9728K, reserved 1048576K
Event: 4151.461 GC heap after
Heap after GC invocations=1001 (full 58):
 def new generation   total 78464K, used 8704K [0x00000000c0000000, 0x00000000c5520000, 0x00000000d5550000)
  eden space 69760K,   0% used [0x00000000c0000000, 0x00000000c0000000, 0x00000000c4420000)
  from space 8704K, 100% used [0x00000000c4420000, 0x00000000c4ca0000, 0x00000000c4ca0000)
  to   space 8704K,   0% used [0x00000000c4ca0000, 0x00000000c4ca0000, 0x00000000c5520000)
 tenured generation   total 174188K, used 145312K [0x00000000d5550000, 0x00000000dff6b000, 0x0000000100000000)
   the space 174188K,  83% used [0x00000000d5550000, 0x00000000de338030, 0x00000000de338200, 0x00000000dff6b000)
 Metaspace       used 69170K, capacity 69904K, committed 70144K, reserved 1110016K
  class space    used 9506K, capacity 9669K, committed 9728K, reserved 1048576K
}
Event: 4151.660 GC heap before
{Heap before GC invocations=1001 (full 58):
 def new generation   total 78464K, used 78464K [0x00000000c0000000, 0x00000000c5520000, 0x00000000d5550000)
  eden space 69760K, 100% used [0x00000000c0000000, 0x00000000c4420000, 0x00000000c4420000)
  from space 8704K, 100% used [0x00000000c4420000, 0x00000000c4ca0000, 0x00000000c4ca0000)
  to   space 8704K,   0% used [0x00000000c4ca0000, 0x00000000c4ca0000, 0x00000000c5520000)
 tenured generation   total 174188K, used 145312K [0x00000000d5550000, 0x00000000dff6b000, 0x0000000100000000)
   the space 174188K,  83% used [0x00000000d5550000, 0x00000000de338030, 0x00000000de338200, 0x00000000dff6b000)
 Metaspace       used 69170K, capacity 69904K, committed 70144K, reserved 1110016K
  class space    used 9506K, capacity 9669K, committed 9728K, reserved 1048576K
Event: 4151.668 GC heap after
Heap after GC invocations=1002 (full 58):
 def new generation   total 78464K, used 2459K [0x00000000c0000000, 0x00000000c5520000, 0x00000000d5550000)
  eden space 69760K,   0% used [0x00000000c0000000, 0x00000000c0000000, 0x00000000c4420000)
  from space 8704K,  28% used [0x00000000c4ca0000, 0x00000000c4f06de0, 0x00000000c5520000)
  to   space 8704K,   0% used [0x00000000c4420000, 0x00000000c4420000, 0x00000000c4ca0000)
 tenured generation   total 174188K, used 153252K [0x00000000d5550000, 0x00000000dff6b000, 0x0000000100000000)
   the space 174188K,  87% used [0x00000000d5550000, 0x00000000deaf90c8, 0x00000000deaf9200, 0x00000000dff6b000)
 Metaspace       used 69170K, capacity 69904K, committed 70144K, reserved 1110016K
  class space    used 9506K, capacity 9669K, committed 9728K, reserved 1048576K
}
Event: 4151.851 GC heap before
{Heap before GC invocations=1002 (full 58):
 def new generation   total 78464K, used 72219K [0x00000000c0000000, 0x00000000c5520000, 0x00000000d5550000)
  eden space 69760K, 100% used [0x00000000c0000000, 0x00000000c4420000, 0x00000000c4420000)
  from space 8704K,  28% used [0x00000000c4ca0000, 0x00000000c4f06de0, 0x00000000c5520000)
  to   space 8704K,   0% used [0x00000000c4420000, 0x00000000c4420000, 0x00000000c4ca0000)
 tenured generation   total 174188K, used 153252K [0x00000000d5550000, 0x00000000dff6b000, 0x0000000100000000)
   the space 174188K,  87% used [0x00000000d5550000, 0x00000000deaf90c8, 0x00000000deaf9200, 0x00000000dff6b000)
 Metaspace       used 69170K, capacity 69904K, committed 70144K, reserved 1110016K
  class space    used 9506K, capacity 9669K, committed 9728K, reserved 1048576K
Event: 4151.856 GC heap after
Heap after GC invocations=1003 (full 58):
 def new generation   total 78464K, used 8704K [0x00000000c0000000, 0x00000000c5520000, 0x00000000d5550000)
  eden space 69760K,   0% used [0x00000000c0000000, 0x00000000c0000000, 0x00000000c4420000)
  from space 8704K, 100% used [0x00000000c4420000, 0x00000000c4ca0000, 0x00000000c4ca0000)
  to   space 8704K,   0% used [0x00000000c4ca0000, 0x00000000c4ca0000, 0x00000000c5520000)
 tenured generation   total 174188K, used 153366K [0x00000000d5550000, 0x00000000dff6b000, 0x0000000100000000)
   the space 174188K,  88% used [0x00000000d5550000, 0x00000000deb15b80, 0x00000000deb15c00, 0x00000000dff6b000)
 Metaspace       used 69170K, capacity 69904K, committed 70144K, reserved 1110016K
  class space    used 9506K, capacity 9669K, committed 9728K, reserved 1048576K
}
Event: 4230.561 GC heap before
{Heap before GC invocations=1003 (full 58):
 def new generation   total 78464K, used 78444K [0x00000000c0000000, 0x00000000c5520000, 0x00000000d5550000)
  eden space 69760K,  99% used [0x00000000c0000000, 0x00000000c441b2c8, 0x00000000c4420000)
  from space 8704K, 100% used [0x00000000c4420000, 0x00000000c4ca0000, 0x00000000c4ca0000)
  to   space 8704K,   0% used [0x00000000c4ca0000, 0x00000000c4ca0000, 0x00000000c5520000)
 tenured generation   total 174188K, used 153366K [0x00000000d5550000, 0x00000000dff6b000, 0x0000000100000000)
   the space 174188K,  88% used [0x00000000d5550000, 0x00000000deb15b80, 0x00000000deb15c00, 0x00000000dff6b000)
 Metaspace       used 69172K, capacity 69904K, committed 70144K, reserved 1110016K
  class space    used 9506K, capacity 9669K, committed 9728K, reserved 1048576K

