# JRE version: OpenJDK Runtime Environment (8.0_131-b11) (build 1.8.0_131-8u131-b11-0ubuntu1.16.04.2-b11)
# Java VM: OpenJDK 64-Bit Server VM (25.131-b11 mixed mode linux-amd64 compressed oops)
Heap:
 def new generation   total 123328K, used 0K [0x00000000c0000000, 0x00000000c85d0000, 0x00000000d5550000)
  eden space 109632K,   0% used [0x00000000c0000000, 0x00000000c0000000, 0x00000000c6b10000)
  from space 13696K,   0% used [0x00000000c7870000, 0x00000000c7870000, 0x00000000c85d0000)
  to   space 13696K,   0% used [0x00000000c6b10000, 0x00000000c6b10000, 0x00000000c7870000)
 tenured generation   total 536064K, used 270818K [0x00000000d5550000, 0x00000000f60d0000, 0x0000000100000000)
   the space 536064K,  50% used [0x00000000d5550000, 0x00000000e5dc89c0, 0x00000000e5dc8a00, 0x00000000f60d0000)
 Metaspace       used 40021K, capacity 40414K, committed 40536K, reserved 1083392K
  class space    used 5566K, capacity 5681K, committed 5720K, reserved 1048576K
GC Heap History (10 events):
Event: 52.199 GC heap after
Heap after GC invocations=96 (full 5):
 def new generation   total 12736K, used 0K [0x00000000c0000000, 0x00000000c0dd0000, 0x00000000d5550000)
  eden space 11328K,   0% used [0x00000000c0000000, 0x00000000c0000000, 0x00000000c0b10000)
  from space 1408K,   0% used [0x00000000c0b10000, 0x00000000c0b10000, 0x00000000c0c70000)
  to   space 1408K,   0% used [0x00000000c0c70000, 0x00000000c0c70000, 0x00000000c0dd0000)
 tenured generation   total 28140K, used 16882K [0x00000000d5550000, 0x00000000d70cb000, 0x0000000100000000)
   the space 28140K,  59% used [0x00000000d5550000, 0x00000000d65ccbe8, 0x00000000d65ccc00, 0x00000000d70cb000)
 Metaspace       used 39979K, capacity 40350K, committed 40536K, reserved 1083392K
  class space    used 5566K, capacity 5681K, committed 5720K, reserved 1048576K
}
Event: 52.250 GC heap before
{Heap before GC invocations=96 (full 5):
 def new generation   total 12736K, used 7K [0x00000000c0000000, 0x00000000c0dd0000, 0x00000000d5550000)
  eden space 11328K,   0% used [0x00000000c0000000, 0x00000000c0001d40, 0x00000000c0b10000)
  from space 1408K,   0% used [0x00000000c0b10000, 0x00000000c0b10000, 0x00000000c0c70000)
  to   space 1408K,   0% used [0x00000000c0c70000, 0x00000000c0c70000, 0x00000000c0dd0000)
 tenured generation   total 44528K, used 33266K [0x00000000d5550000, 0x00000000d80cc000, 0x0000000100000000)
   the space 44528K,  74% used [0x00000000d5550000, 0x00000000d75ccbf8, 0x00000000d75ccc00, 0x00000000d80cc000)
 Metaspace       used 39993K, capacity 40350K, committed 40536K, reserved 1083392K
  class space    used 5566K, capacity 5681K, committed 5720K, reserved 1048576K
Event: 52.283 GC heap after
Heap after GC invocations=97 (full 6):
 def new generation   total 20160K, used 0K [0x00000000c0000000, 0x00000000c15d0000, 0x00000000d5550000)
  eden space 17984K,   0% used [0x00000000c0000000, 0x00000000c0000000, 0x00000000c1190000)
  from space 2176K,   0% used [0x00000000c1190000, 0x00000000c1190000, 0x00000000c13b0000)
  to   space 2176K,   0% used [0x00000000c13b0000, 0x00000000c13b0000, 0x00000000c15d0000)
 tenured generation   total 44528K, used 25075K [0x00000000d5550000, 0x00000000d80cc000, 0x0000000100000000)
   the space 44528K,  56% used [0x00000000d5550000, 0x00000000d6dccde0, 0x00000000d6dcce00, 0x00000000d80cc000)
 Metaspace       used 39993K, capacity 40350K, committed 40536K, reserved 1083392K
  class space    used 5566K, capacity 5681K, committed 5720K, reserved 1048576K
}
Event: 52.364 GC heap before
{Heap before GC invocations=97 (full 6):
 def new generation   total 20160K, used 2K [0x00000000c0000000, 0x00000000c15d0000, 0x00000000d5550000)
  eden space 17984K,   0% used [0x00000000c0000000, 0x00000000c0000848, 0x00000000c1190000)
  from space 2176K,   0% used [0x00000000c1190000, 0x00000000c1190000, 0x00000000c13b0000)
  to   space 2176K,   0% used [0x00000000c13b0000, 0x00000000c13b0000, 0x00000000c15d0000)
 tenured generation   total 77300K, used 57843K [0x00000000d5550000, 0x00000000da0cd000, 0x0000000100000000)
   the space 77300K,  74% used [0x00000000d5550000, 0x00000000d8dccdf0, 0x00000000d8dcce00, 0x00000000da0cd000)
 Metaspace       used 39995K, capacity 40350K, committed 40536K, reserved 1083392K
  class space    used 5566K, capacity 5681K, committed 5720K, reserved 1048576K
Event: 52.400 GC heap after
Heap after GC invocations=98 (full 7):
 def new generation   total 34880K, used 0K [0x00000000c0000000, 0x00000000c25d0000, 0x00000000d5550000)
  eden space 31040K,   0% used [0x00000000c0000000, 0x00000000c0000000, 0x00000000c1e50000)
  from space 3840K,   0% used [0x00000000c1e50000, 0x00000000c1e50000, 0x00000000c2210000)
  to   space 3840K,   0% used [0x00000000c2210000, 0x00000000c2210000, 0x00000000c25d0000)
 tenured generation   total 77300K, used 41459K [0x00000000d5550000, 0x00000000da0cd000, 0x0000000100000000)
   the space 77300K,  53% used [0x00000000d5550000, 0x00000000d7dcce30, 0x00000000d7dcd000, 0x00000000da0cd000)
 Metaspace       used 39995K, capacity 40350K, committed 40536K, reserved 1083392K
  class space    used 5566K, capacity 5681K, committed 5720K, reserved 1048576K
}
Event: 52.615 GC heap before
{Heap before GC invocations=98 (full 7):
 def new generation   total 34880K, used 14K [0x00000000c0000000, 0x00000000c25d0000, 0x00000000d5550000)
  eden space 31040K,   0% used [0x00000000c0000000, 0x00000000c0003970, 0x00000000c1e50000)
  from space 3840K,   0% used [0x00000000c1e50000, 0x00000000c1e50000, 0x00000000c2210000)
  to   space 3840K,   0% used [0x00000000c2210000, 0x00000000c2210000, 0x00000000c25d0000)
 tenured generation   total 142840K, used 106995K [0x00000000d5550000, 0x00000000de0ce000, 0x0000000100000000)
   the space 142840K,  74% used [0x00000000d5550000, 0x00000000dbdcce40, 0x00000000dbdcd000, 0x00000000de0ce000)
 Metaspace       used 40002K, capacity 40350K, committed 40536K, reserved 1083392K
  class space    used 5566K, capacity 5681K, committed 5720K, reserved 1048576K
Event: 52.659 GC heap after
Heap after GC invocations=99 (full 8):
 def new generation   total 64384K, used 0K [0x00000000c0000000, 0x00000000c45d0000, 0x00000000d5550000)
  eden space 57280K,   0% used [0x00000000c0000000, 0x00000000c0000000, 0x00000000c37f0000)
  from space 7104K,   0% used [0x00000000c37f0000, 0x00000000c37f0000, 0x00000000c3ee0000)
  to   space 7104K,   0% used [0x00000000c3ee0000, 0x00000000c3ee0000, 0x00000000c45d0000)
 tenured generation   total 142840K, used 74210K [0x00000000d5550000, 0x00000000de0ce000, 0x0000000100000000)
   the space 142840K,  51% used [0x00000000d5550000, 0x00000000d9dc8970, 0x00000000d9dc8a00, 0x00000000de0ce000)
 Metaspace       used 40002K, capacity 40350K, committed 40536K, reserved 1083392K
  class space    used 5566K, capacity 5681K, committed 5720K, reserved 1048576K
}
Event: 53.184 GC heap before
{Heap before GC invocations=99 (full 8):
 def new generation   total 64384K, used 26K [0x00000000c0000000, 0x00000000c45d0000, 0x00000000d5550000)
  eden space 57280K,   0% used [0x00000000c0000000, 0x00000000c00069f8, 0x00000000c37f0000)
  from space 7104K,   0% used [0x00000000c37f0000, 0x00000000c37f0000, 0x00000000c3ee0000)
  to   space 7104K,   0% used [0x00000000c3ee0000, 0x00000000c3ee0000, 0x00000000c45d0000)
 tenured generation   total 273916K, used 205282K [0x00000000d5550000, 0x00000000e60cf000, 0x0000000100000000)
   the space 273916K,  74% used [0x00000000d5550000, 0x00000000e1dc8980, 0x00000000e1dc8a00, 0x00000000e60cf000)
 Metaspace       used 40005K, capacity 40350K, committed 40536K, reserved 1083392K
  class space    used 5566K, capacity 5681K, committed 5720K, reserved 1048576K
Event: 53.230 GC heap after
Heap after GC invocations=100 (full 9):
 def new generation   total 123328K, used 0K [0x00000000c0000000, 0x00000000c85d0000, 0x00000000d5550000)
  eden space 109632K,   0% used [0x00000000c0000000, 0x00000000c0000000, 0x00000000c6b10000)
  from space 13696K,   0% used [0x00000000c6b10000, 0x00000000c6b10000, 0x00000000c7870000)
  to   space 13696K,   0% used [0x00000000c7870000, 0x00000000c7870000, 0x00000000c85d0000)
 tenured generation   total 273916K, used 139746K [0x00000000d5550000, 0x00000000e60cf000, 0x0000000100000000)
   the space 273916K,  51% used [0x00000000d5550000, 0x00000000dddc8970, 0x00000000dddc8a00, 0x00000000e60cf000)
 Metaspace       used 40005K, capacity 40350K, committed 40536K, reserved 1083392K
  class space    used 5566K, capacity 5681K, committed 5720K, reserved 1048576K
}
Event: 55.275 GC heap before
{Heap before GC invocations=100 (full 9):
 def new generation   total 123328K, used 103K [0x00000000c0000000, 0x00000000c85d0000, 0x00000000d5550000)
  eden space 109632K,   0% used [0x00000000c0000000, 0x00000000c0019e08, 0x00000000c6b10000)
  from space 13696K,   0% used [0x00000000c6b10000, 0x00000000c6b10000, 0x00000000c7870000)
  to   space 13696K,   0% used [0x00000000c7870000, 0x00000000c7870000, 0x00000000c85d0000)
 tenured generation   total 536064K, used 401890K [0x00000000d5550000, 0x00000000f60d0000, 0x0000000100000000)
   the space 536064K,  74% used [0x00000000d5550000, 0x00000000eddc8980, 0x00000000eddc8a00, 0x00000000f60d0000)
 Metaspace       used 40021K, capacity 40414K, committed 40536K, reserved 1083392K
  class space    used 5566K, capacity 5681K, committed 5720K, reserved 1048576K

