# JRE version: OpenJDK Runtime Environment (8.0_131-b11) (build 1.8.0_131-8u131-b11-0ubuntu1.16.04.2-b11)
# Java VM: OpenJDK 64-Bit Server VM (25.131-b11 mixed mode linux-amd64 compressed oops)
Heap:
 def new generation   total 125632K, used 0K [0x00000000c0000000, 0x00000000c8850000, 0x00000000d5550000)
  eden space 111680K,   0% used [0x00000000c0000000, 0x00000000c0000000, 0x00000000c6d10000)
  from space 13952K,   0% used [0x00000000c7ab0000, 0x00000000c7ab0000, 0x00000000c8850000)
  to   space 13952K,   0% used [0x00000000c6d10000, 0x00000000c6d10000, 0x00000000c7ab0000)
 tenured generation   total 279112K, used 146665K [0x00000000d5550000, 0x00000000e65e2000, 0x0000000100000000)
   the space 279112K,  52% used [0x00000000d5550000, 0x00000000de48a488, 0x00000000de48a600, 0x00000000e65e2000)
 Metaspace       used 55949K, capacity 56344K, committed 56664K, reserved 1097728K
  class space    used 8043K, capacity 8160K, committed 8280K, reserved 1048576K
GC Heap History (10 events):
Event: 69.988 GC heap before
{Heap before GC invocations=100 (full 9):
 def new generation   total 125632K, used 111680K [0x00000000c0000000, 0x00000000c8850000, 0x00000000d5550000)
  eden space 111680K, 100% used [0x00000000c0000000, 0x00000000c6d10000, 0x00000000c6d10000)
  from space 13952K,   0% used [0x00000000c6d10000, 0x00000000c6d10000, 0x00000000c7ab0000)
  to   space 13952K,   0% used [0x00000000c7ab0000, 0x00000000c7ab0000, 0x00000000c8850000)
 tenured generation   total 279112K, used 167466K [0x00000000d5550000, 0x00000000e65e2000, 0x0000000100000000)
   the space 279112K,  59% used [0x00000000d5550000, 0x00000000df8dab50, 0x00000000df8dac00, 0x00000000e65e2000)
 Metaspace       used 41012K, capacity 41364K, committed 41432K, reserved 1085440K
  class space    used 5717K, capacity 5818K, committed 5848K, reserved 1048576K
Event: 70.104 GC heap after
Heap after GC invocations=101 (full 9):
 def new generation   total 125632K, used 1127K [0x00000000c0000000, 0x00000000c8850000, 0x00000000d5550000)
  eden space 111680K,   0% used [0x00000000c0000000, 0x00000000c0000000, 0x00000000c6d10000)
  from space 13952K,   8% used [0x00000000c7ab0000, 0x00000000c7bc9e78, 0x00000000c8850000)
  to   space 13952K,   0% used [0x00000000c6d10000, 0x00000000c6d10000, 0x00000000c7ab0000)
 tenured generation   total 279112K, used 260720K [0x00000000d5550000, 0x00000000e65e2000, 0x0000000100000000)
   the space 279112K,  93% used [0x00000000d5550000, 0x00000000e53ec320, 0x00000000e53ec400, 0x00000000e65e2000)
 Metaspace       used 41012K, capacity 41364K, committed 41432K, reserved 1085440K
  class space    used 5717K, capacity 5818K, committed 5848K, reserved 1048576K
}
Event: 71.092 GC heap before
{Heap before GC invocations=101 (full 9):
 def new generation   total 125632K, used 112807K [0x00000000c0000000, 0x00000000c8850000, 0x00000000d5550000)
  eden space 111680K, 100% used [0x00000000c0000000, 0x00000000c6d10000, 0x00000000c6d10000)
  from space 13952K,   8% used [0x00000000c7ab0000, 0x00000000c7bc9e78, 0x00000000c8850000)
  to   space 13952K,   0% used [0x00000000c6d10000, 0x00000000c6d10000, 0x00000000c7ab0000)
 tenured generation   total 279112K, used 260720K [0x00000000d5550000, 0x00000000e65e2000, 0x0000000100000000)
   the space 279112K,  93% used [0x00000000d5550000, 0x00000000e53ec320, 0x00000000e53ec400, 0x00000000e65e2000)
 Metaspace       used 47045K, capacity 47424K, committed 47576K, reserved 1089536K
  class space    used 6653K, capacity 6748K, committed 6872K, reserved 1048576K
Event: 71.116 GC heap after
Heap after GC invocations=102 (full 9):
 def new generation   total 125632K, used 8158K [0x00000000c0000000, 0x00000000c8850000, 0x00000000d5550000)
  eden space 111680K,   0% used [0x00000000c0000000, 0x00000000c0000000, 0x00000000c6d10000)
  from space 13952K,  58% used [0x00000000c6d10000, 0x00000000c7507840, 0x00000000c7ab0000)
  to   space 13952K,   0% used [0x00000000c7ab0000, 0x00000000c7ab0000, 0x00000000c8850000)
 tenured generation   total 279112K, used 260720K [0x00000000d5550000, 0x00000000e65e2000, 0x0000000100000000)
   the space 279112K,  93% used [0x00000000d5550000, 0x00000000e53ec320, 0x00000000e53ec400, 0x00000000e65e2000)
 Metaspace       used 47045K, capacity 47424K, committed 47576K, reserved 1089536K
  class space    used 6653K, capacity 6748K, committed 6872K, reserved 1048576K
}
Event: 72.179 GC heap before
{Heap before GC invocations=102 (full 9):
 def new generation   total 125632K, used 119838K [0x00000000c0000000, 0x00000000c8850000, 0x00000000d5550000)
  eden space 111680K, 100% used [0x00000000c0000000, 0x00000000c6d10000, 0x00000000c6d10000)
  from space 13952K,  58% used [0x00000000c6d10000, 0x00000000c7507840, 0x00000000c7ab0000)
  to   space 13952K,   0% used [0x00000000c7ab0000, 0x00000000c7ab0000, 0x00000000c8850000)
 tenured generation   total 279112K, used 260720K [0x00000000d5550000, 0x00000000e65e2000, 0x0000000100000000)
   the space 279112K,  93% used [0x00000000d5550000, 0x00000000e53ec320, 0x00000000e53ec400, 0x00000000e65e2000)
 Metaspace       used 53413K, capacity 53766K, committed 53976K, reserved 1095680K
  class space    used 7715K, capacity 7837K, committed 7896K, reserved 1048576K
Event: 72.210 GC heap after
Heap after GC invocations=103 (full 9):
 def new generation   total 125632K, used 7313K [0x00000000c0000000, 0x00000000c8850000, 0x00000000d5550000)
  eden space 111680K,   0% used [0x00000000c0000000, 0x00000000c0000000, 0x00000000c6d10000)
  from space 13952K,  52% used [0x00000000c7ab0000, 0x00000000c81d44c8, 0x00000000c8850000)
  to   space 13952K,   0% used [0x00000000c6d10000, 0x00000000c6d10000, 0x00000000c7ab0000)
 tenured generation   total 279112K, used 262901K [0x00000000d5550000, 0x00000000e65e2000, 0x0000000100000000)
   the space 279112K,  94% used [0x00000000d5550000, 0x00000000e560d720, 0x00000000e560d800, 0x00000000e65e2000)
 Metaspace       used 53413K, capacity 53766K, committed 53976K, reserved 1095680K
  class space    used 7715K, capacity 7837K, committed 7896K, reserved 1048576K
}
Event: 192.880 GC heap before
{Heap before GC invocations=103 (full 9):
 def new generation   total 125632K, used 99590K [0x00000000c0000000, 0x00000000c8850000, 0x00000000d5550000)
  eden space 111680K,  82% used [0x00000000c0000000, 0x00000000c5a1d670, 0x00000000c6d10000)
  from space 13952K,  52% used [0x00000000c7ab0000, 0x00000000c81d44c8, 0x00000000c8850000)
  to   space 13952K,   0% used [0x00000000c6d10000, 0x00000000c6d10000, 0x00000000c7ab0000)
 tenured generation   total 279112K, used 262901K [0x00000000d5550000, 0x00000000e65e2000, 0x0000000100000000)
   the space 279112K,  94% used [0x00000000d5550000, 0x00000000e560d720, 0x00000000e560d800, 0x00000000e65e2000)
 Metaspace       used 55828K, capacity 56184K, committed 56280K, reserved 1097728K
  class space    used 8011K, capacity 8128K, committed 8152K, reserved 1048576K
Event: 192.986 GC heap after
Heap after GC invocations=104 (full 10):
 def new generation   total 125632K, used 0K [0x00000000c0000000, 0x00000000c8850000, 0x00000000d5550000)
  eden space 111680K,   0% used [0x00000000c0000000, 0x00000000c0000000, 0x00000000c6d10000)
  from space 13952K,   0% used [0x00000000c6d10000, 0x00000000c6d10000, 0x00000000c7ab0000)
  to   space 13952K,   0% used [0x00000000c7ab0000, 0x00000000c7ab0000, 0x00000000c8850000)
 tenured generation   total 279112K, used 33878K [0x00000000d5550000, 0x00000000e65e2000, 0x0000000100000000)
   the space 279112K,  12% used [0x00000000d5550000, 0x00000000d7665bf8, 0x00000000d7665c00, 0x00000000e65e2000)
 Metaspace       used 55828K, capacity 56184K, committed 56280K, reserved 1097728K
  class space    used 8011K, capacity 8128K, committed 8152K, reserved 1048576K
}
Event: 193.921 GC heap before
{Heap before GC invocations=104 (full 10):
 def new generation   total 125632K, used 103845K [0x00000000c0000000, 0x00000000c8850000, 0x00000000d5550000)
  eden space 111680K,  92% used [0x00000000c0000000, 0x00000000c6569730, 0x00000000c6d10000)
  from space 13952K,   0% used [0x00000000c6d10000, 0x00000000c6d10000, 0x00000000c7ab0000)
  to   space 13952K,   0% used [0x00000000c7ab0000, 0x00000000c7ab0000, 0x00000000c8850000)
 tenured generation   total 279112K, used 164951K [0x00000000d5550000, 0x00000000e65e2000, 0x0000000100000000)
   the space 279112K,  59% used [0x00000000d5550000, 0x00000000df665c08, 0x00000000df665e00, 0x00000000e65e2000)
 Metaspace       used 55949K, capacity 56344K, committed 56664K, reserved 1097728K
  class space    used 8043K, capacity 8160K, committed 8280K, reserved 1048576K
Event: 193.988 GC heap after
Heap after GC invocations=105 (full 11):
 def new generation   total 125632K, used 0K [0x00000000c0000000, 0x00000000c8850000, 0x00000000d5550000)
  eden space 111680K,   0% used [0x00000000c0000000, 0x00000000c0000000, 0x00000000c6d10000)
  from space 13952K,   0% used [0x00000000c7ab0000, 0x00000000c7ab0000, 0x00000000c8850000)
  to   space 13952K,   0% used [0x00000000c6d10000, 0x00000000c6d10000, 0x00000000c7ab0000)
 tenured generation   total 279112K, used 146665K [0x00000000d5550000, 0x00000000e65e2000, 0x0000000100000000)
   the space 279112K,  52% used [0x00000000d5550000, 0x00000000de48a488, 0x00000000de48a600, 0x00000000e65e2000)
 Metaspace       used 55949K, capacity 56344K, committed 56664K, reserved 1097728K
  class space    used 8043K, capacity 8160K, committed 8280K, reserved 1048576K
}

