# JRE version: OpenJDK Runtime Environment (8.0_131-b11) (build 1.8.0_131-8u131-b11-0ubuntu1.16.04.2-b11)
# Java VM: OpenJDK 64-Bit Server VM (25.131-b11 mixed mode linux-amd64 compressed oops)
Heap:
 def new generation   total 89984K, used 3975K [0x00000000c0000000, 0x00000000c61a0000, 0x00000000d5550000)
  eden space 80000K,   4% used [0x00000000c0000000, 0x00000000c03e1c38, 0x00000000c4e20000)
  from space 9984K,   0% used [0x00000000c4e20000, 0x00000000c4e20000, 0x00000000c57e0000)
  to   space 9984K,   0% used [0x00000000c57e0000, 0x00000000c57e0000, 0x00000000c61a0000)
 tenured generation   total 199884K, used 24718K [0x00000000d5550000, 0x00000000e1883000, 0x0000000100000000)
   the space 199884K,  12% used [0x00000000d5550000, 0x00000000d6d73a68, 0x00000000d6d73c00, 0x00000000e1883000)
 Metaspace       used 67574K, capacity 68222K, committed 68352K, reserved 1107968K
  class space    used 9501K, capacity 9648K, committed 9728K, reserved 1048576K
GC Heap History (10 events):
Event: 709.180 GC heap before
{Heap before GC invocations=296 (full 17):
 def new generation   total 89984K, used 80438K [0x00000000c0000000, 0x00000000c61a0000, 0x00000000d5550000)
  eden space 80000K, 100% used [0x00000000c0000000, 0x00000000c4e20000, 0x00000000c4e20000)
  from space 9984K,   4% used [0x00000000c4e20000, 0x00000000c4e8d870, 0x00000000c57e0000)
  to   space 9984K,   0% used [0x00000000c57e0000, 0x00000000c57e0000, 0x00000000c61a0000)
 tenured generation   total 199884K, used 119928K [0x00000000d5550000, 0x00000000e1883000, 0x0000000100000000)
   the space 199884K,  59% used [0x00000000d5550000, 0x00000000dca6e018, 0x00000000dca6e200, 0x00000000e1883000)
 Metaspace       used 67453K, capacity 68158K, committed 68352K, reserved 1107968K
  class space    used 9488K, capacity 9648K, committed 9728K, reserved 1048576K
Event: 709.183 GC heap after
Heap after GC invocations=297 (full 17):
 def new generation   total 89984K, used 695K [0x00000000c0000000, 0x00000000c61a0000, 0x00000000d5550000)
  eden space 80000K,   0% used [0x00000000c0000000, 0x00000000c0000000, 0x00000000c4e20000)
  from space 9984K,   6% used [0x00000000c57e0000, 0x00000000c588dd30, 0x00000000c61a0000)
  to   space 9984K,   0% used [0x00000000c4e20000, 0x00000000c4e20000, 0x00000000c57e0000)
 tenured generation   total 199884K, used 119928K [0x00000000d5550000, 0x00000000e1883000, 0x0000000100000000)
   the space 199884K,  59% used [0x00000000d5550000, 0x00000000dca6e018, 0x00000000dca6e200, 0x00000000e1883000)
 Metaspace       used 67453K, capacity 68158K, committed 68352K, reserved 1107968K
  class space    used 9488K, capacity 9648K, committed 9728K, reserved 1048576K
}
Event: 709.519 GC heap before
{Heap before GC invocations=297 (full 17):
 def new generation   total 89984K, used 80695K [0x00000000c0000000, 0x00000000c61a0000, 0x00000000d5550000)
  eden space 80000K, 100% used [0x00000000c0000000, 0x00000000c4e20000, 0x00000000c4e20000)
  from space 9984K,   6% used [0x00000000c57e0000, 0x00000000c588dd30, 0x00000000c61a0000)
  to   space 9984K,   0% used [0x00000000c4e20000, 0x00000000c4e20000, 0x00000000c57e0000)
 tenured generation   total 199884K, used 119928K [0x00000000d5550000, 0x00000000e1883000, 0x0000000100000000)
   the space 199884K,  59% used [0x00000000d5550000, 0x00000000dca6e018, 0x00000000dca6e200, 0x00000000e1883000)
 Metaspace       used 67456K, capacity 68158K, committed 68352K, reserved 1107968K
  class space    used 9488K, capacity 9648K, committed 9728K, reserved 1048576K
Event: 709.529 GC heap after
Heap after GC invocations=298 (full 17):
 def new generation   total 89984K, used 9984K [0x00000000c0000000, 0x00000000c61a0000, 0x00000000d5550000)
  eden space 80000K,   0% used [0x00000000c0000000, 0x00000000c0000000, 0x00000000c4e20000)
  from space 9984K, 100% used [0x00000000c4e20000, 0x00000000c57e0000, 0x00000000c57e0000)
  to   space 9984K,   0% used [0x00000000c57e0000, 0x00000000c57e0000, 0x00000000c61a0000)
 tenured generation   total 199884K, used 121212K [0x00000000d5550000, 0x00000000e1883000, 0x0000000100000000)
   the space 199884K,  60% used [0x00000000d5550000, 0x00000000dcbaf308, 0x00000000dcbaf400, 0x00000000e1883000)
 Metaspace       used 67456K, capacity 68158K, committed 68352K, reserved 1107968K
  class space    used 9488K, capacity 9648K, committed 9728K, reserved 1048576K
}
Event: 709.757 GC heap before
{Heap before GC invocations=298 (full 17):
 def new generation   total 89984K, used 89760K [0x00000000c0000000, 0x00000000c61a0000, 0x00000000d5550000)
  eden space 80000K,  99% used [0x00000000c0000000, 0x00000000c4de8258, 0x00000000c4e20000)
  from space 9984K, 100% used [0x00000000c4e20000, 0x00000000c57e0000, 0x00000000c57e0000)
  to   space 9984K,   0% used [0x00000000c57e0000, 0x00000000c57e0000, 0x00000000c61a0000)
 tenured generation   total 199884K, used 121212K [0x00000000d5550000, 0x00000000e1883000, 0x0000000100000000)
   the space 199884K,  60% used [0x00000000d5550000, 0x00000000dcbaf308, 0x00000000dcbaf400, 0x00000000e1883000)
 Metaspace       used 67456K, capacity 68158K, committed 68352K, reserved 1107968K
  class space    used 9488K, capacity 9648K, committed 9728K, reserved 1048576K
Event: 709.770 GC heap after
Heap after GC invocations=299 (full 17):
 def new generation   total 89984K, used 5069K [0x00000000c0000000, 0x00000000c61a0000, 0x00000000d5550000)
  eden space 80000K,   0% used [0x00000000c0000000, 0x00000000c0000000, 0x00000000c4e20000)
  from space 9984K,  50% used [0x00000000c57e0000, 0x00000000c5cd34c8, 0x00000000c61a0000)
  to   space 9984K,   0% used [0x00000000c4e20000, 0x00000000c4e20000, 0x00000000c57e0000)
 tenured generation   total 199884K, used 129106K [0x00000000d5550000, 0x00000000e1883000, 0x0000000100000000)
   the space 199884K,  64% used [0x00000000d5550000, 0x00000000dd364b30, 0x00000000dd364c00, 0x00000000e1883000)
 Metaspace       used 67456K, capacity 68158K, committed 68352K, reserved 1107968K
  class space    used 9488K, capacity 9648K, committed 9728K, reserved 1048576K
}
Event: 710.016 GC heap before
{Heap before GC invocations=299 (full 17):
 def new generation   total 89984K, used 85069K [0x00000000c0000000, 0x00000000c61a0000, 0x00000000d5550000)
  eden space 80000K, 100% used [0x00000000c0000000, 0x00000000c4e20000, 0x00000000c4e20000)
  from space 9984K,  50% used [0x00000000c57e0000, 0x00000000c5cd34c8, 0x00000000c61a0000)
  to   space 9984K,   0% used [0x00000000c4e20000, 0x00000000c4e20000, 0x00000000c57e0000)
 tenured generation   total 199884K, used 129106K [0x00000000d5550000, 0x00000000e1883000, 0x0000000100000000)
   the space 199884K,  64% used [0x00000000d5550000, 0x00000000dd364b30, 0x00000000dd364c00, 0x00000000e1883000)
 Metaspace       used 67472K, capacity 68158K, committed 68352K, reserved 1107968K
  class space    used 9488K, capacity 9648K, committed 9728K, reserved 1048576K
Event: 710.023 GC heap after
Heap after GC invocations=300 (full 17):
 def new generation   total 89984K, used 9984K [0x00000000c0000000, 0x00000000c61a0000, 0x00000000d5550000)
  eden space 80000K,   0% used [0x00000000c0000000, 0x00000000c0000000, 0x00000000c4e20000)
  from space 9984K, 100% used [0x00000000c4e20000, 0x00000000c57e0000, 0x00000000c57e0000)
  to   space 9984K,   0% used [0x00000000c57e0000, 0x00000000c57e0000, 0x00000000c61a0000)
 tenured generation   total 199884K, used 134062K [0x00000000d5550000, 0x00000000e1883000, 0x0000000100000000)
   the space 199884K,  67% used [0x00000000d5550000, 0x00000000dd83ba30, 0x00000000dd83bc00, 0x00000000e1883000)
 Metaspace       used 67472K, capacity 68158K, committed 68352K, reserved 1107968K
  class space    used 9488K, capacity 9648K, committed 9728K, reserved 1048576K
}
Event: 1811.347 GC heap before
{Heap before GC invocations=300 (full 17):
 def new generation   total 89984K, used 17936K [0x00000000c0000000, 0x00000000c61a0000, 0x00000000d5550000)
  eden space 80000K,   9% used [0x00000000c0000000, 0x00000000c07c4278, 0x00000000c4e20000)
  from space 9984K, 100% used [0x00000000c4e20000, 0x00000000c57e0000, 0x00000000c57e0000)
  to   space 9984K,   0% used [0x00000000c57e0000, 0x00000000c57e0000, 0x00000000c61a0000)
 tenured generation   total 199884K, used 134062K [0x00000000d5550000, 0x00000000e1883000, 0x0000000100000000)
   the space 199884K,  67% used [0x00000000d5550000, 0x00000000dd83ba30, 0x00000000dd83bc00, 0x00000000e1883000)
 Metaspace       used 67524K, capacity 68222K, committed 68352K, reserved 1107968K
  class space    used 9490K, capacity 9648K, committed 9728K, reserved 1048576K
Event: 2008.479 GC heap after
Heap after GC invocations=301 (full 18):
 def new generation   total 89984K, used 0K [0x00000000c0000000, 0x00000000c61a0000, 0x00000000d5550000)
  eden space 80000K,   0% used [0x00000000c0000000, 0x00000000c0000000, 0x00000000c4e20000)
  from space 9984K,   0% used [0x00000000c4e20000, 0x00000000c4e20000, 0x00000000c57e0000)
  to   space 9984K,   0% used [0x00000000c57e0000, 0x00000000c57e0000, 0x00000000c61a0000)
 tenured generation   total 199884K, used 24718K [0x00000000d5550000, 0x00000000e1883000, 0x0000000100000000)
   the space 199884K,  12% used [0x00000000d5550000, 0x00000000d6d73a68, 0x00000000d6d73c00, 0x00000000e1883000)
 Metaspace       used 67524K, capacity 68222K, committed 68352K, reserved 1107968K
  class space    used 9490K, capacity 9648K, committed 9728K, reserved 1048576K
}

