# JRE version: OpenJDK Runtime Environment (8.0_131-b11) (build 1.8.0_131-8u131-b11-0ubuntu1.16.04.2-b11)
# Java VM: OpenJDK 64-Bit Server VM (25.131-b11 mixed mode linux-amd64 compressed oops)
Heap:
 def new generation   total 81024K, used 10058K [0x00000000c0000000, 0x00000000c57e0000, 0x00000000d5550000)
  eden space 72064K,  13% used [0x00000000c0000000, 0x00000000c094e668, 0x00000000c4660000)
  from space 8960K,   5% used [0x00000000c4f20000, 0x00000000c4fa42c0, 0x00000000c57e0000)
  to   space 8960K,   0% used [0x00000000c4660000, 0x00000000c4660000, 0x00000000c4f20000)
 tenured generation   total 179848K, used 130498K [0x00000000d5550000, 0x00000000e04f2000, 0x0000000100000000)
   the space 179848K,  72% used [0x00000000d5550000, 0x00000000dd4c0af8, 0x00000000dd4c0c00, 0x00000000e04f2000)
 Metaspace       used 68412K, capacity 69136K, committed 69376K, reserved 1110016K
  class space    used 9504K, capacity 9669K, committed 9728K, reserved 1048576K
GC Heap History (10 events):
Event: 3378.043 GC heap before
{Heap before GC invocations=439 (full 24):
 def new generation   total 81024K, used 80885K [0x00000000c0000000, 0x00000000c57e0000, 0x00000000d5550000)
  eden space 72064K,  99% used [0x00000000c0000000, 0x00000000c463d550, 0x00000000c4660000)
  from space 8960K,  99% used [0x00000000c4660000, 0x00000000c4f1fff8, 0x00000000c4f20000)
  to   space 8960K,   0% used [0x00000000c4f20000, 0x00000000c4f20000, 0x00000000c57e0000)
 tenured generation   total 179848K, used 141227K [0x00000000d5550000, 0x00000000e04f2000, 0x0000000100000000)
   the space 179848K,  78% used [0x00000000d5550000, 0x00000000ddf3ad50, 0x00000000ddf3ae00, 0x00000000e04f2000)
 Metaspace       used 68349K, capacity 69078K, committed 69376K, reserved 1110016K
  class space    used 9501K, capacity 9670K, committed 9728K, reserved 1048576K
Event: 3378.061 GC heap after
Heap after GC invocations=440 (full 24):
 def new generation   total 81024K, used 8960K [0x00000000c0000000, 0x00000000c57e0000, 0x00000000d5550000)
  eden space 72064K,   0% used [0x00000000c0000000, 0x00000000c0000000, 0x00000000c4660000)
  from space 8960K, 100% used [0x00000000c4f20000, 0x00000000c57e0000, 0x00000000c57e0000)
  to   space 8960K,   0% used [0x00000000c4660000, 0x00000000c4660000, 0x00000000c4f20000)
 tenured generation   total 179848K, used 174784K [0x00000000d5550000, 0x00000000e04f2000, 0x0000000100000000)
   the space 179848K,  97% used [0x00000000d5550000, 0x00000000e0000068, 0x00000000e0000200, 0x00000000e04f2000)
 Metaspace       used 68349K, capacity 69078K, committed 69376K, reserved 1110016K
  class space    used 9501K, capacity 9670K, committed 9728K, reserved 1048576K
}
Event: 3378.116 GC heap before
{Heap before GC invocations=440 (full 24):
 def new generation   total 81024K, used 69142K [0x00000000c0000000, 0x00000000c57e0000, 0x00000000d5550000)
  eden space 72064K,  83% used [0x00000000c0000000, 0x00000000c3ac5a78, 0x00000000c4660000)
  from space 8960K, 100% used [0x00000000c4f20000, 0x00000000c57e0000, 0x00000000c57e0000)
  to   space 8960K,   0% used [0x00000000c4660000, 0x00000000c4660000, 0x00000000c4f20000)
 tenured generation   total 179848K, used 174784K [0x00000000d5550000, 0x00000000e04f2000, 0x0000000100000000)
   the space 179848K,  97% used [0x00000000d5550000, 0x00000000e0000068, 0x00000000e0000200, 0x00000000e04f2000)
 Metaspace       used 68362K, capacity 69078K, committed 69376K, reserved 1110016K
  class space    used 9501K, capacity 9670K, committed 9728K, reserved 1048576K
Event: 3378.215 GC heap after
Heap after GC invocations=441 (full 25):
 def new generation   total 81024K, used 0K [0x00000000c0000000, 0x00000000c57e0000, 0x00000000d5550000)
  eden space 72064K,   0% used [0x00000000c0000000, 0x00000000c0000000, 0x00000000c4660000)
  from space 8960K,   0% used [0x00000000c4660000, 0x00000000c4660000, 0x00000000c4f20000)
  to   space 8960K,   0% used [0x00000000c4f20000, 0x00000000c4f20000, 0x00000000c57e0000)
 tenured generation   total 179848K, used 74928K [0x00000000d5550000, 0x00000000e04f2000, 0x0000000100000000)
   the space 179848K,  41% used [0x00000000d5550000, 0x00000000d9e7c3c8, 0x00000000d9e7c400, 0x00000000e04f2000)
 Metaspace       used 68358K, capacity 69072K, committed 69376K, reserved 1110016K
  class space    used 9500K, capacity 9669K, committed 9728K, reserved 1048576K
}
Event: 3379.254 GC heap before
{Heap before GC invocations=441 (full 25):
 def new generation   total 81024K, used 72064K [0x00000000c0000000, 0x00000000c57e0000, 0x00000000d5550000)
  eden space 72064K, 100% used [0x00000000c0000000, 0x00000000c4660000, 0x00000000c4660000)
  from space 8960K,   0% used [0x00000000c4660000, 0x00000000c4660000, 0x00000000c4f20000)
  to   space 8960K,   0% used [0x00000000c4f20000, 0x00000000c4f20000, 0x00000000c57e0000)
 tenured generation   total 179848K, used 74928K [0x00000000d5550000, 0x00000000e04f2000, 0x0000000100000000)
   the space 179848K,  41% used [0x00000000d5550000, 0x00000000d9e7c3c8, 0x00000000d9e7c400, 0x00000000e04f2000)
 Metaspace       used 68409K, capacity 69136K, committed 69376K, reserved 1110016K
  class space    used 9504K, capacity 9669K, committed 9728K, reserved 1048576K
Event: 3379.330 GC heap after
Heap after GC invocations=442 (full 25):
 def new generation   total 81024K, used 8960K [0x00000000c0000000, 0x00000000c57e0000, 0x00000000d5550000)
  eden space 72064K,   0% used [0x00000000c0000000, 0x00000000c0000000, 0x00000000c4660000)
  from space 8960K, 100% used [0x00000000c4f20000, 0x00000000c57e0000, 0x00000000c57e0000)
  to   space 8960K,   0% used [0x00000000c4660000, 0x00000000c4660000, 0x00000000c4f20000)
 tenured generation   total 179848K, used 121562K [0x00000000d5550000, 0x00000000e04f2000, 0x0000000100000000)
   the space 179848K,  67% used [0x00000000d5550000, 0x00000000dcc06b70, 0x00000000dcc06c00, 0x00000000e04f2000)
 Metaspace       used 68409K, capacity 69136K, committed 69376K, reserved 1110016K
  class space    used 9504K, capacity 9669K, committed 9728K, reserved 1048576K
}
Event: 3437.682 GC heap before
{Heap before GC invocations=442 (full 25):
 def new generation   total 81024K, used 81024K [0x00000000c0000000, 0x00000000c57e0000, 0x00000000d5550000)
  eden space 72064K, 100% used [0x00000000c0000000, 0x00000000c4660000, 0x00000000c4660000)
  from space 8960K, 100% used [0x00000000c4f20000, 0x00000000c57e0000, 0x00000000c57e0000)
  to   space 8960K,   0% used [0x00000000c4660000, 0x00000000c4660000, 0x00000000c4f20000)
 tenured generation   total 179848K, used 121562K [0x00000000d5550000, 0x00000000e04f2000, 0x0000000100000000)
   the space 179848K,  67% used [0x00000000d5550000, 0x00000000dcc06b70, 0x00000000dcc06c00, 0x00000000e04f2000)
 Metaspace       used 68411K, capacity 69136K, committed 69376K, reserved 1110016K
  class space    used 9504K, capacity 9669K, committed 9728K, reserved 1048576K
Event: 3446.871 GC heap after
Heap after GC invocations=443 (full 25):
 def new generation   total 81024K, used 449K [0x00000000c0000000, 0x00000000c57e0000, 0x00000000d5550000)
  eden space 72064K,   0% used [0x00000000c0000000, 0x00000000c0000000, 0x00000000c4660000)
  from space 8960K,   5% used [0x00000000c4660000, 0x00000000c46d04b8, 0x00000000c4f20000)
  to   space 8960K,   0% used [0x00000000c4f20000, 0x00000000c4f20000, 0x00000000c57e0000)
 tenured generation   total 179848K, used 130498K [0x00000000d5550000, 0x00000000e04f2000, 0x0000000100000000)
   the space 179848K,  72% used [0x00000000d5550000, 0x00000000dd4c0af8, 0x00000000dd4c0c00, 0x00000000e04f2000)
 Metaspace       used 68411K, capacity 69136K, committed 69376K, reserved 1110016K
  class space    used 9504K, capacity 9669K, committed 9728K, reserved 1048576K
}
Event: 3456.969 GC heap before
{Heap before GC invocations=443 (full 25):
 def new generation   total 81024K, used 72513K [0x00000000c0000000, 0x00000000c57e0000, 0x00000000d5550000)
  eden space 72064K, 100% used [0x00000000c0000000, 0x00000000c4660000, 0x00000000c4660000)
  from space 8960K,   5% used [0x00000000c4660000, 0x00000000c46d04b8, 0x00000000c4f20000)
  to   space 8960K,   0% used [0x00000000c4f20000, 0x00000000c4f20000, 0x00000000c57e0000)
 tenured generation   total 179848K, used 130498K [0x00000000d5550000, 0x00000000e04f2000, 0x0000000100000000)
   the space 179848K,  72% used [0x00000000d5550000, 0x00000000dd4c0af8, 0x00000000dd4c0c00, 0x00000000e04f2000)
 Metaspace       used 68412K, capacity 69136K, committed 69376K, reserved 1110016K
  class space    used 9504K, capacity 9669K, committed 9728K, reserved 1048576K
Event: 3457.267 GC heap after
Heap after GC invocations=444 (full 25):
 def new generation   total 81024K, used 528K [0x00000000c0000000, 0x00000000c57e0000, 0x00000000d5550000)
  eden space 72064K,   0% used [0x00000000c0000000, 0x00000000c0000000, 0x00000000c4660000)
  from space 8960K,   5% used [0x00000000c4f20000, 0x00000000c4fa42c0, 0x00000000c57e0000)
  to   space 8960K,   0% used [0x00000000c4660000, 0x00000000c4660000, 0x00000000c4f20000)
 tenured generation   total 179848K, used 130498K [0x00000000d5550000, 0x00000000e04f2000, 0x0000000100000000)
   the space 179848K,  72% used [0x00000000d5550000, 0x00000000dd4c0af8, 0x00000000dd4c0c00, 0x00000000e04f2000)
 Metaspace       used 68412K, capacity 69136K, committed 69376K, reserved 1110016K
  class space    used 9504K, capacity 9669K, committed 9728K, reserved 1048576K
}

