# JRE version: OpenJDK Runtime Environment (8.0_131-b11) (build 1.8.0_131-8u131-b11-0ubuntu1.16.04.2-b11)
# Java VM: OpenJDK 64-Bit Server VM (25.131-b11 mixed mode linux-amd64 compressed oops)
Heap:
 def new generation   total 97408K, used 31416K [0x00000000c0000000, 0x00000000c69b0000, 0x00000000d5550000)
  eden space 86592K,  34% used [0x00000000c0000000, 0x00000000c1cc8700, 0x00000000c5490000)
  from space 10816K,  17% used [0x00000000c5f20000, 0x00000000c6105bf8, 0x00000000c69b0000)
  to   space 10816K,   0% used [0x00000000c5490000, 0x00000000c5490000, 0x00000000c5f20000)
 tenured generation   total 216304K, used 130932K [0x00000000d5550000, 0x00000000e288c000, 0x0000000100000000)
   the space 216304K,  60% used [0x00000000d5550000, 0x00000000dd52d390, 0x00000000dd52d400, 0x00000000e288c000)
 Metaspace       used 67383K, capacity 67974K, committed 68096K, reserved 1107968K
  class space    used 9531K, capacity 9676K, committed 9728K, reserved 1048576K
GC Heap History (10 events):
Event: 2226.476 GC heap before
{Heap before GC invocations=195 (full 13):
 def new generation   total 97408K, used 91575K [0x00000000c0000000, 0x00000000c69b0000, 0x00000000d5550000)
  eden space 86592K, 100% used [0x00000000c0000000, 0x00000000c5490000, 0x00000000c5490000)
  from space 10816K,  46% used [0x00000000c5490000, 0x00000000c596ddb8, 0x00000000c5f20000)
  to   space 10816K,   0% used [0x00000000c5f20000, 0x00000000c5f20000, 0x00000000c69b0000)
 tenured generation   total 216304K, used 121305K [0x00000000d5550000, 0x00000000e288c000, 0x0000000100000000)
   the space 216304K,  56% used [0x00000000d5550000, 0x00000000dcbc66f8, 0x00000000dcbc6800, 0x00000000e288c000)
 Metaspace       used 67305K, capacity 67910K, committed 68096K, reserved 1107968K
  class space    used 9531K, capacity 9676K, committed 9728K, reserved 1048576K
Event: 2226.480 GC heap after
Heap after GC invocations=196 (full 13):
 def new generation   total 97408K, used 5029K [0x00000000c0000000, 0x00000000c69b0000, 0x00000000d5550000)
  eden space 86592K,   0% used [0x00000000c0000000, 0x00000000c0000000, 0x00000000c5490000)
  from space 10816K,  46% used [0x00000000c5f20000, 0x00000000c6409408, 0x00000000c69b0000)
  to   space 10816K,   0% used [0x00000000c5490000, 0x00000000c5490000, 0x00000000c5f20000)
 tenured generation   total 216304K, used 121305K [0x00000000d5550000, 0x00000000e288c000, 0x0000000100000000)
   the space 216304K,  56% used [0x00000000d5550000, 0x00000000dcbc66f8, 0x00000000dcbc6800, 0x00000000e288c000)
 Metaspace       used 67305K, capacity 67910K, committed 68096K, reserved 1107968K
  class space    used 9531K, capacity 9676K, committed 9728K, reserved 1048576K
}
Event: 2226.616 GC heap before
{Heap before GC invocations=196 (full 13):
 def new generation   total 97408K, used 91621K [0x00000000c0000000, 0x00000000c69b0000, 0x00000000d5550000)
  eden space 86592K, 100% used [0x00000000c0000000, 0x00000000c5490000, 0x00000000c5490000)
  from space 10816K,  46% used [0x00000000c5f20000, 0x00000000c6409408, 0x00000000c69b0000)
  to   space 10816K,   0% used [0x00000000c5490000, 0x00000000c5490000, 0x00000000c5f20000)
 tenured generation   total 216304K, used 121305K [0x00000000d5550000, 0x00000000e288c000, 0x0000000100000000)
   the space 216304K,  56% used [0x00000000d5550000, 0x00000000dcbc66f8, 0x00000000dcbc6800, 0x00000000e288c000)
 Metaspace       used 67305K, capacity 67910K, committed 68096K, reserved 1107968K
  class space    used 9531K, capacity 9676K, committed 9728K, reserved 1048576K
Event: 2226.623 GC heap after
Heap after GC invocations=197 (full 13):
 def new generation   total 97408K, used 10068K [0x00000000c0000000, 0x00000000c69b0000, 0x00000000d5550000)
  eden space 86592K,   0% used [0x00000000c0000000, 0x00000000c0000000, 0x00000000c5490000)
  from space 10816K,  93% used [0x00000000c5490000, 0x00000000c5e65250, 0x00000000c5f20000)
  to   space 10816K,   0% used [0x00000000c5f20000, 0x00000000c5f20000, 0x00000000c69b0000)
 tenured generation   total 216304K, used 121305K [0x00000000d5550000, 0x00000000e288c000, 0x0000000100000000)
   the space 216304K,  56% used [0x00000000d5550000, 0x00000000dcbc66f8, 0x00000000dcbc6800, 0x00000000e288c000)
 Metaspace       used 67305K, capacity 67910K, committed 68096K, reserved 1107968K
  class space    used 9531K, capacity 9676K, committed 9728K, reserved 1048576K
}
Event: 2226.720 GC heap before
{Heap before GC invocations=197 (full 13):
 def new generation   total 97408K, used 96660K [0x00000000c0000000, 0x00000000c69b0000, 0x00000000d5550000)
  eden space 86592K, 100% used [0x00000000c0000000, 0x00000000c5490000, 0x00000000c5490000)
  from space 10816K,  93% used [0x00000000c5490000, 0x00000000c5e65250, 0x00000000c5f20000)
  to   space 10816K,   0% used [0x00000000c5f20000, 0x00000000c5f20000, 0x00000000c69b0000)
 tenured generation   total 216304K, used 121305K [0x00000000d5550000, 0x00000000e288c000, 0x0000000100000000)
   the space 216304K,  56% used [0x00000000d5550000, 0x00000000dcbc66f8, 0x00000000dcbc6800, 0x00000000e288c000)
 Metaspace       used 67305K, capacity 67910K, committed 68096K, reserved 1107968K
  class space    used 9531K, capacity 9676K, committed 9728K, reserved 1048576K
Event: 2226.726 GC heap after
Heap after GC invocations=198 (full 13):
 def new generation   total 97408K, used 1233K [0x00000000c0000000, 0x00000000c69b0000, 0x00000000d5550000)
  eden space 86592K,   0% used [0x00000000c0000000, 0x00000000c0000000, 0x00000000c5490000)
  from space 10816K,  11% used [0x00000000c5f20000, 0x00000000c60546e0, 0x00000000c69b0000)
  to   space 10816K,   0% used [0x00000000c5490000, 0x00000000c5490000, 0x00000000c5f20000)
 tenured generation   total 216304K, used 130932K [0x00000000d5550000, 0x00000000e288c000, 0x0000000100000000)
   the space 216304K,  60% used [0x00000000d5550000, 0x00000000dd52d390, 0x00000000dd52d400, 0x00000000e288c000)
 Metaspace       used 67305K, capacity 67910K, committed 68096K, reserved 1107968K
  class space    used 9531K, capacity 9676K, committed 9728K, reserved 1048576K
}
Event: 2226.824 GC heap before
{Heap before GC invocations=198 (full 13):
 def new generation   total 97408K, used 87825K [0x00000000c0000000, 0x00000000c69b0000, 0x00000000d5550000)
  eden space 86592K, 100% used [0x00000000c0000000, 0x00000000c5490000, 0x00000000c5490000)
  from space 10816K,  11% used [0x00000000c5f20000, 0x00000000c60546e0, 0x00000000c69b0000)
  to   space 10816K,   0% used [0x00000000c5490000, 0x00000000c5490000, 0x00000000c5f20000)
 tenured generation   total 216304K, used 130932K [0x00000000d5550000, 0x00000000e288c000, 0x0000000100000000)
   the space 216304K,  60% used [0x00000000d5550000, 0x00000000dd52d390, 0x00000000dd52d400, 0x00000000e288c000)
 Metaspace       used 67305K, capacity 67910K, committed 68096K, reserved 1107968K
  class space    used 9531K, capacity 9676K, committed 9728K, reserved 1048576K
Event: 2226.827 GC heap after
Heap after GC invocations=199 (full 13):
 def new generation   total 97408K, used 1623K [0x00000000c0000000, 0x00000000c69b0000, 0x00000000d5550000)
  eden space 86592K,   0% used [0x00000000c0000000, 0x00000000c0000000, 0x00000000c5490000)
  from space 10816K,  15% used [0x00000000c5490000, 0x00000000c5625cc0, 0x00000000c5f20000)
  to   space 10816K,   0% used [0x00000000c5f20000, 0x00000000c5f20000, 0x00000000c69b0000)
 tenured generation   total 216304K, used 130932K [0x00000000d5550000, 0x00000000e288c000, 0x0000000100000000)
   the space 216304K,  60% used [0x00000000d5550000, 0x00000000dd52d390, 0x00000000dd52d400, 0x00000000e288c000)
 Metaspace       used 67305K, capacity 67910K, committed 68096K, reserved 1107968K
  class space    used 9531K, capacity 9676K, committed 9728K, reserved 1048576K
}
Event: 2226.929 GC heap before
{Heap before GC invocations=199 (full 13):
 def new generation   total 97408K, used 88215K [0x00000000c0000000, 0x00000000c69b0000, 0x00000000d5550000)
  eden space 86592K, 100% used [0x00000000c0000000, 0x00000000c5490000, 0x00000000c5490000)
  from space 10816K,  15% used [0x00000000c5490000, 0x00000000c5625cc0, 0x00000000c5f20000)
  to   space 10816K,   0% used [0x00000000c5f20000, 0x00000000c5f20000, 0x00000000c69b0000)
 tenured generation   total 216304K, used 130932K [0x00000000d5550000, 0x00000000e288c000, 0x0000000100000000)
   the space 216304K,  60% used [0x00000000d5550000, 0x00000000dd52d390, 0x00000000dd52d400, 0x00000000e288c000)
 Metaspace       used 67305K, capacity 67910K, committed 68096K, reserved 1107968K
  class space    used 9531K, capacity 9676K, committed 9728K, reserved 1048576K
Event: 2226.932 GC heap after
Heap after GC invocations=200 (full 13):
 def new generation   total 97408K, used 1942K [0x00000000c0000000, 0x00000000c69b0000, 0x00000000d5550000)
  eden space 86592K,   0% used [0x00000000c0000000, 0x00000000c0000000, 0x00000000c5490000)
  from space 10816K,  17% used [0x00000000c5f20000, 0x00000000c6105bf8, 0x00000000c69b0000)
  to   space 10816K,   0% used [0x00000000c5490000, 0x00000000c5490000, 0x00000000c5f20000)
 tenured generation   total 216304K, used 130932K [0x00000000d5550000, 0x00000000e288c000, 0x0000000100000000)
   the space 216304K,  60% used [0x00000000d5550000, 0x00000000dd52d390, 0x00000000dd52d400, 0x00000000e288c000)
 Metaspace       used 67305K, capacity 67910K, committed 68096K, reserved 1107968K
  class space    used 9531K, capacity 9676K, committed 9728K, reserved 1048576K
}

