# JRE version: OpenJDK Runtime Environment (8.0_131-b11) (build 1.8.0_131-8u131-b11-0ubuntu1.16.04.2-b11)
# Java VM: OpenJDK 64-Bit Server VM (25.131-b11 mixed mode linux-amd64 compressed oops)
Heap:
 def new generation   total 103168K, used 0K [0x00000000c0000000, 0x00000000c6ff0000, 0x00000000d5550000)
  eden space 91712K,   0% used [0x00000000c0000000, 0x00000000c0000000, 0x00000000c5990000)
  from space 11456K,   0% used [0x00000000c5990000, 0x00000000c5990000, 0x00000000c64c0000)
  to   space 11456K,   0% used [0x00000000c64c0000, 0x00000000c64c0000, 0x00000000c6ff0000)
 tenured generation   total 245484K, used 234198K [0x00000000d5550000, 0x00000000e450b000, 0x0000000100000000)
   the space 245484K,  95% used [0x00000000d5550000, 0x00000000e3a05b50, 0x00000000e3a05c00, 0x00000000e450b000)
 Metaspace       used 82218K, capacity 83930K, committed 84096K, reserved 1122304K
  class space    used 11083K, capacity 11340K, committed 11392K, reserved 1048576K
GC Heap History (10 events):
Event: 5481.513 GC heap after
Heap after GC invocations=5068 (full 54):
 def new generation   total 103168K, used 5483K [0x00000000c0000000, 0x00000000c6ff0000, 0x00000000d5550000)
  eden space 91712K,   0% used [0x00000000c0000000, 0x00000000c0000000, 0x00000000c5990000)
  from space 11456K,  47% used [0x00000000c64c0000, 0x00000000c6a1add0, 0x00000000c6ff0000)
  to   space 11456K,   0% used [0x00000000c5990000, 0x00000000c5990000, 0x00000000c64c0000)
 tenured generation   total 229096K, used 198164K [0x00000000d5550000, 0x00000000e350a000, 0x0000000100000000)
   the space 229096K,  86% used [0x00000000d5550000, 0x00000000e16d53e8, 0x00000000e16d5400, 0x00000000e350a000)
 Metaspace       used 82213K, capacity 83930K, committed 84096K, reserved 1122304K
  class space    used 11083K, capacity 11340K, committed 11392K, reserved 1048576K
}
Event: 5481.706 GC heap before
{Heap before GC invocations=5068 (full 54):
 def new generation   total 103168K, used 97195K [0x00000000c0000000, 0x00000000c6ff0000, 0x00000000d5550000)
  eden space 91712K, 100% used [0x00000000c0000000, 0x00000000c5990000, 0x00000000c5990000)
  from space 11456K,  47% used [0x00000000c64c0000, 0x00000000c6a1add0, 0x00000000c6ff0000)
  to   space 11456K,   0% used [0x00000000c5990000, 0x00000000c5990000, 0x00000000c64c0000)
 tenured generation   total 229096K, used 198164K [0x00000000d5550000, 0x00000000e350a000, 0x0000000100000000)
   the space 229096K,  86% used [0x00000000d5550000, 0x00000000e16d53e8, 0x00000000e16d5400, 0x00000000e350a000)
 Metaspace       used 82213K, capacity 83930K, committed 84096K, reserved 1122304K
  class space    used 11083K, capacity 11340K, committed 11392K, reserved 1048576K
Event: 5481.715 GC heap after
Heap after GC invocations=5069 (full 54):
 def new generation   total 103168K, used 6912K [0x00000000c0000000, 0x00000000c6ff0000, 0x00000000d5550000)
  eden space 91712K,   0% used [0x00000000c0000000, 0x00000000c0000000, 0x00000000c5990000)
  from space 11456K,  60% used [0x00000000c5990000, 0x00000000c6050218, 0x00000000c64c0000)
  to   space 11456K,   0% used [0x00000000c64c0000, 0x00000000c64c0000, 0x00000000c6ff0000)
 tenured generation   total 229096K, used 214548K [0x00000000d5550000, 0x00000000e350a000, 0x0000000100000000)
   the space 229096K,  93% used [0x00000000d5550000, 0x00000000e26d53f8, 0x00000000e26d5400, 0x00000000e350a000)
 Metaspace       used 82213K, capacity 83930K, committed 84096K, reserved 1122304K
  class space    used 11083K, capacity 11340K, committed 11392K, reserved 1048576K
}
Event: 5481.936 GC heap before
{Heap before GC invocations=5069 (full 54):
 def new generation   total 103168K, used 98624K [0x00000000c0000000, 0x00000000c6ff0000, 0x00000000d5550000)
  eden space 91712K, 100% used [0x00000000c0000000, 0x00000000c5990000, 0x00000000c5990000)
  from space 11456K,  60% used [0x00000000c5990000, 0x00000000c6050218, 0x00000000c64c0000)
  to   space 11456K,   0% used [0x00000000c64c0000, 0x00000000c64c0000, 0x00000000c6ff0000)
 tenured generation   total 229096K, used 214548K [0x00000000d5550000, 0x00000000e350a000, 0x0000000100000000)
   the space 229096K,  93% used [0x00000000d5550000, 0x00000000e26d53f8, 0x00000000e26d5400, 0x00000000e350a000)
 Metaspace       used 82216K, capacity 83930K, committed 84096K, reserved 1122304K
  class space    used 11083K, capacity 11340K, committed 11392K, reserved 1048576K
Event: 5481.941 GC heap after
Heap after GC invocations=5070 (full 54):
 def new generation   total 103168K, used 5263K [0x00000000c0000000, 0x00000000c6ff0000, 0x00000000d5550000)
  eden space 91712K,   0% used [0x00000000c0000000, 0x00000000c0000000, 0x00000000c5990000)
  from space 11456K,  45% used [0x00000000c64c0000, 0x00000000c69e3eb0, 0x00000000c6ff0000)
  to   space 11456K,   0% used [0x00000000c5990000, 0x00000000c5990000, 0x00000000c64c0000)
 tenured generation   total 229096K, used 216578K [0x00000000d5550000, 0x00000000e350a000, 0x0000000100000000)
   the space 229096K,  94% used [0x00000000d5550000, 0x00000000e28d0868, 0x00000000e28d0a00, 0x00000000e350a000)
 Metaspace       used 82216K, capacity 83930K, committed 84096K, reserved 1122304K
  class space    used 11083K, capacity 11340K, committed 11392K, reserved 1048576K
}
Event: 5482.152 GC heap before
{Heap before GC invocations=5070 (full 54):
 def new generation   total 103168K, used 96975K [0x00000000c0000000, 0x00000000c6ff0000, 0x00000000d5550000)
  eden space 91712K, 100% used [0x00000000c0000000, 0x00000000c5990000, 0x00000000c5990000)
  from space 11456K,  45% used [0x00000000c64c0000, 0x00000000c69e3eb0, 0x00000000c6ff0000)
  to   space 11456K,   0% used [0x00000000c5990000, 0x00000000c5990000, 0x00000000c64c0000)
 tenured generation   total 229096K, used 216578K [0x00000000d5550000, 0x00000000e350a000, 0x0000000100000000)
   the space 229096K,  94% used [0x00000000d5550000, 0x00000000e28d0868, 0x00000000e28d0a00, 0x00000000e350a000)
 Metaspace       used 82217K, capacity 83930K, committed 84096K, reserved 1122304K
  class space    used 11083K, capacity 11340K, committed 11392K, reserved 1048576K
Event: 5482.157 GC heap after
Heap after GC invocations=5071 (full 54):
 def new generation   total 103168K, used 5438K [0x00000000c0000000, 0x00000000c6ff0000, 0x00000000d5550000)
  eden space 91712K,   0% used [0x00000000c0000000, 0x00000000c0000000, 0x00000000c5990000)
  from space 11456K,  47% used [0x00000000c5990000, 0x00000000c5edfa20, 0x00000000c64c0000)
  to   space 11456K,   0% used [0x00000000c64c0000, 0x00000000c64c0000, 0x00000000c6ff0000)
 tenured generation   total 229096K, used 216578K [0x00000000d5550000, 0x00000000e350a000, 0x0000000100000000)
   the space 229096K,  94% used [0x00000000d5550000, 0x00000000e28d0868, 0x00000000e28d0a00, 0x00000000e350a000)
 Metaspace       used 82217K, capacity 83930K, committed 84096K, reserved 1122304K
  class space    used 11083K, capacity 11340K, committed 11392K, reserved 1048576K
}
Event: 5482.396 GC heap before
{Heap before GC invocations=5071 (full 54):
 def new generation   total 103168K, used 97150K [0x00000000c0000000, 0x00000000c6ff0000, 0x00000000d5550000)
  eden space 91712K, 100% used [0x00000000c0000000, 0x00000000c5990000, 0x00000000c5990000)
  from space 11456K,  47% used [0x00000000c5990000, 0x00000000c5edfa20, 0x00000000c64c0000)
  to   space 11456K,   0% used [0x00000000c64c0000, 0x00000000c64c0000, 0x00000000c6ff0000)
 tenured generation   total 229096K, used 216578K [0x00000000d5550000, 0x00000000e350a000, 0x0000000100000000)
   the space 229096K,  94% used [0x00000000d5550000, 0x00000000e28d0868, 0x00000000e28d0a00, 0x00000000e350a000)
 Metaspace       used 82217K, capacity 83930K, committed 84096K, reserved 1122304K
  class space    used 11083K, capacity 11340K, committed 11392K, reserved 1048576K
Event: 5482.401 GC heap after
Heap after GC invocations=5072 (full 54):
 def new generation   total 103168K, used 6495K [0x00000000c0000000, 0x00000000c6ff0000, 0x00000000d5550000)
  eden space 91712K,   0% used [0x00000000c0000000, 0x00000000c0000000, 0x00000000c5990000)
  from space 11456K,  56% used [0x00000000c64c0000, 0x00000000c6b17f30, 0x00000000c6ff0000)
  to   space 11456K,   0% used [0x00000000c5990000, 0x00000000c5990000, 0x00000000c64c0000)
 tenured generation   total 229096K, used 216578K [0x00000000d5550000, 0x00000000e350a000, 0x0000000100000000)
   the space 229096K,  94% used [0x00000000d5550000, 0x00000000e28d0868, 0x00000000e28d0a00, 0x00000000e350a000)
 Metaspace       used 82217K, capacity 83930K, committed 84096K, reserved 1122304K
  class space    used 11083K, capacity 11340K, committed 11392K, reserved 1048576K
}
Event: 5482.567 GC heap before
{Heap before GC invocations=5072 (full 54):
 def new generation   total 103168K, used 98207K [0x00000000c0000000, 0x00000000c6ff0000, 0x00000000d5550000)
  eden space 91712K, 100% used [0x00000000c0000000, 0x00000000c5990000, 0x00000000c5990000)
  from space 11456K,  56% used [0x00000000c64c0000, 0x00000000c6b17f30, 0x00000000c6ff0000)
  to   space 11456K,   0% used [0x00000000c5990000, 0x00000000c5990000, 0x00000000c64c0000)
 tenured generation   total 229096K, used 216578K [0x00000000d5550000, 0x00000000e350a000, 0x0000000100000000)
   the space 229096K,  94% used [0x00000000d5550000, 0x00000000e28d0868, 0x00000000e28d0a00, 0x00000000e350a000)
 Metaspace       used 82218K, capacity 83930K, committed 84096K, reserved 1122304K
  class space    used 11083K, capacity 11340K, committed 11392K, reserved 1048576K

