# JRE version: OpenJDK Runtime Environment (8.0_151-b12) (build 1.8.0_151-8u151-b12-0ubuntu0.16.04.2-b12)
# Java VM: OpenJDK 64-Bit Server VM (25.151-b12 mixed mode linux-amd64 compressed oops)
Heap:
 def new generation   total 79872K, used 0K [0x00000000c0000000, 0x00000000c56a0000, 0x00000000d5550000)
  eden space 71040K,   0% used [0x00000000c0000000, 0x00000000c0000000, 0x00000000c4560000)
  from space 8832K,   0% used [0x00000000c4560000, 0x00000000c4560000, 0x00000000c4e00000)
  to   space 8832K,   0% used [0x00000000c4e00000, 0x00000000c4e00000, 0x00000000c56a0000)
 tenured generation   total 234172K, used 221601K [0x00000000d5550000, 0x00000000e39ff000, 0x0000000100000000)
   the space 234172K,  94% used [0x00000000d5550000, 0x00000000e2db8650, 0x00000000e2db8800, 0x00000000e39ff000)
 Metaspace       used 129451K, capacity 131217K, committed 131328K, reserved 1163264K
  class space    used 17127K, capacity 17875K, committed 17920K, reserved 1048576K
GC Heap History (10 events):
Event: 53.548 GC heap after
Heap after GC invocations=197 (full 8):
 def new generation   total 79872K, used 2734K [0x00000000c0000000, 0x00000000c56a0000, 0x00000000d5550000)
  eden space 71040K,   0% used [0x00000000c0000000, 0x00000000c0000000, 0x00000000c4560000)
  from space 8832K,  30% used [0x00000000c4e00000, 0x00000000c50abbd0, 0x00000000c56a0000)
  to   space 8832K,   0% used [0x00000000c4560000, 0x00000000c4560000, 0x00000000c4e00000)
 tenured generation   total 177256K, used 158699K [0x00000000d5550000, 0x00000000e026a000, 0x0000000100000000)
   the space 177256K,  89% used [0x00000000d5550000, 0x00000000df04adb8, 0x00000000df04ae00, 0x00000000e026a000)
 Metaspace       used 125175K, capacity 126977K, committed 127232K, reserved 1159168K
  class space    used 16586K, capacity 17310K, committed 17408K, reserved 1048576K
}
Event: 86.636 GC heap before
{Heap before GC invocations=197 (full 8):
 def new generation   total 79872K, used 73774K [0x00000000c0000000, 0x00000000c56a0000, 0x00000000d5550000)
  eden space 71040K, 100% used [0x00000000c0000000, 0x00000000c4560000, 0x00000000c4560000)
  from space 8832K,  30% used [0x00000000c4e00000, 0x00000000c50abbd0, 0x00000000c56a0000)
  to   space 8832K,   0% used [0x00000000c4560000, 0x00000000c4560000, 0x00000000c4e00000)
 tenured generation   total 177256K, used 158699K [0x00000000d5550000, 0x00000000e026a000, 0x0000000100000000)
   the space 177256K,  89% used [0x00000000d5550000, 0x00000000df04adb8, 0x00000000df04ae00, 0x00000000e026a000)
 Metaspace       used 125570K, capacity 127307K, committed 127488K, reserved 1159168K
  class space    used 16644K, capacity 17375K, committed 17408K, reserved 1048576K
Event: 86.645 GC heap after
Heap after GC invocations=198 (full 8):
 def new generation   total 79872K, used 2395K [0x00000000c0000000, 0x00000000c56a0000, 0x00000000d5550000)
  eden space 71040K,   0% used [0x00000000c0000000, 0x00000000c0000000, 0x00000000c4560000)
  from space 8832K,  27% used [0x00000000c4560000, 0x00000000c47b6ef8, 0x00000000c4e00000)
  to   space 8832K,   0% used [0x00000000c4e00000, 0x00000000c4e00000, 0x00000000c56a0000)
 tenured generation   total 177256K, used 158699K [0x00000000d5550000, 0x00000000e026a000, 0x0000000100000000)
   the space 177256K,  89% used [0x00000000d5550000, 0x00000000df04adb8, 0x00000000df04ae00, 0x00000000e026a000)
 Metaspace       used 125570K, capacity 127307K, committed 127488K, reserved 1159168K
  class space    used 16644K, capacity 17375K, committed 17408K, reserved 1048576K
}
Event: 134.760 GC heap before
{Heap before GC invocations=198 (full 8):
 def new generation   total 79872K, used 73435K [0x00000000c0000000, 0x00000000c56a0000, 0x00000000d5550000)
  eden space 71040K, 100% used [0x00000000c0000000, 0x00000000c4560000, 0x00000000c4560000)
  from space 8832K,  27% used [0x00000000c4560000, 0x00000000c47b6ef8, 0x00000000c4e00000)
  to   space 8832K,   0% used [0x00000000c4e00000, 0x00000000c4e00000, 0x00000000c56a0000)
 tenured generation   total 177256K, used 158699K [0x00000000d5550000, 0x00000000e026a000, 0x0000000100000000)
   the space 177256K,  89% used [0x00000000d5550000, 0x00000000df04adb8, 0x00000000df04ae00, 0x00000000e026a000)
 Metaspace       used 127346K, capacity 129131K, committed 129280K, reserved 1161216K
  class space    used 16926K, capacity 17663K, committed 17664K, reserved 1048576K
Event: 134.779 GC heap after
Heap after GC invocations=199 (full 8):
 def new generation   total 79872K, used 4272K [0x00000000c0000000, 0x00000000c56a0000, 0x00000000d5550000)
  eden space 71040K,   0% used [0x00000000c0000000, 0x00000000c0000000, 0x00000000c4560000)
  from space 8832K,  48% used [0x00000000c4e00000, 0x00000000c522c130, 0x00000000c56a0000)
  to   space 8832K,   0% used [0x00000000c4560000, 0x00000000c4560000, 0x00000000c4e00000)
 tenured generation   total 177256K, used 158699K [0x00000000d5550000, 0x00000000e026a000, 0x0000000100000000)
   the space 177256K,  89% used [0x00000000d5550000, 0x00000000df04adb8, 0x00000000df04ae00, 0x00000000e026a000)
 Metaspace       used 127346K, capacity 129131K, committed 129280K, reserved 1161216K
  class space    used 16926K, capacity 17663K, committed 17664K, reserved 1048576K
}
Event: 135.657 GC heap before
{Heap before GC invocations=199 (full 8):
 def new generation   total 79872K, used 75312K [0x00000000c0000000, 0x00000000c56a0000, 0x00000000d5550000)
  eden space 71040K, 100% used [0x00000000c0000000, 0x00000000c4560000, 0x00000000c4560000)
  from space 8832K,  48% used [0x00000000c4e00000, 0x00000000c522c130, 0x00000000c56a0000)
  to   space 8832K,   0% used [0x00000000c4560000, 0x00000000c4560000, 0x00000000c4e00000)
 tenured generation   total 177256K, used 158699K [0x00000000d5550000, 0x00000000e026a000, 0x0000000100000000)
   the space 177256K,  89% used [0x00000000d5550000, 0x00000000df04adb8, 0x00000000df04ae00, 0x00000000e026a000)
 Metaspace       used 128240K, capacity 130047K, committed 130176K, reserved 1161216K
  class space    used 17002K, capacity 17742K, committed 17792K, reserved 1048576K
Event: 135.672 GC heap after
Heap after GC invocations=200 (full 8):
 def new generation   total 79872K, used 4833K [0x00000000c0000000, 0x00000000c56a0000, 0x00000000d5550000)
  eden space 71040K,   0% used [0x00000000c0000000, 0x00000000c0000000, 0x00000000c4560000)
  from space 8832K,  54% used [0x00000000c4560000, 0x00000000c4a18490, 0x00000000c4e00000)
  to   space 8832K,   0% used [0x00000000c4e00000, 0x00000000c4e00000, 0x00000000c56a0000)
 tenured generation   total 177256K, used 158699K [0x00000000d5550000, 0x00000000e026a000, 0x0000000100000000)
   the space 177256K,  89% used [0x00000000d5550000, 0x00000000df04adb8, 0x00000000df04ae00, 0x00000000e026a000)
 Metaspace       used 128240K, capacity 130047K, committed 130176K, reserved 1161216K
  class space    used 17002K, capacity 17742K, committed 17792K, reserved 1048576K
}
Event: 136.151 GC heap before
{Heap before GC invocations=200 (full 8):
 def new generation   total 79872K, used 68237K [0x00000000c0000000, 0x00000000c56a0000, 0x00000000d5550000)
  eden space 71040K,  89% used [0x00000000c0000000, 0x00000000c3deafe8, 0x00000000c4560000)
  from space 8832K,  54% used [0x00000000c4560000, 0x00000000c4a18490, 0x00000000c4e00000)
  to   space 8832K,   0% used [0x00000000c4e00000, 0x00000000c4e00000, 0x00000000c56a0000)
 tenured generation   total 177256K, used 158699K [0x00000000d5550000, 0x00000000e026a000, 0x0000000100000000)
   the space 177256K,  89% used [0x00000000d5550000, 0x00000000df04adb8, 0x00000000df04ae00, 0x00000000e026a000)
 Metaspace       used 128588K, capacity 130353K, committed 130432K, reserved 1161216K
  class space    used 17029K, capacity 17779K, committed 17792K, reserved 1048576K
Event: 136.171 GC heap after
Heap after GC invocations=201 (full 8):
 def new generation   total 79872K, used 3376K [0x00000000c0000000, 0x00000000c56a0000, 0x00000000d5550000)
  eden space 71040K,   0% used [0x00000000c0000000, 0x00000000c0000000, 0x00000000c4560000)
  from space 8832K,  38% used [0x00000000c4e00000, 0x00000000c514c208, 0x00000000c56a0000)
  to   space 8832K,   0% used [0x00000000c4560000, 0x00000000c4560000, 0x00000000c4e00000)
 tenured generation   total 177256K, used 160160K [0x00000000d5550000, 0x00000000e026a000, 0x0000000100000000)
   the space 177256K,  90% used [0x00000000d5550000, 0x00000000df1b82b0, 0x00000000df1b8400, 0x00000000e026a000)
 Metaspace       used 128588K, capacity 130353K, committed 130432K, reserved 1161216K
  class space    used 17029K, capacity 17779K, committed 17792K, reserved 1048576K
}
Event: 136.709 GC heap before
{Heap before GC invocations=201 (full 8):
 def new generation   total 79872K, used 74416K [0x00000000c0000000, 0x00000000c56a0000, 0x00000000d5550000)
  eden space 71040K, 100% used [0x00000000c0000000, 0x00000000c4560000, 0x00000000c4560000)
  from space 8832K,  38% used [0x00000000c4e00000, 0x00000000c514c208, 0x00000000c56a0000)
  to   space 8832K,   0% used [0x00000000c4560000, 0x00000000c4560000, 0x00000000c4e00000)
 tenured generation   total 177256K, used 160160K [0x00000000d5550000, 0x00000000e026a000, 0x0000000100000000)
   the space 177256K,  90% used [0x00000000d5550000, 0x00000000df1b82b0, 0x00000000df1b8400, 0x00000000e026a000)
 Metaspace       used 129451K, capacity 131217K, committed 131328K, reserved 1163264K
  class space    used 17127K, capacity 17875K, committed 17920K, reserved 1048576K

