# JRE version: OpenJDK Runtime Environment (8.0_151-b12) (build 1.8.0_151-8u151-b12-0ubuntu0.16.04.2-b12)
# Java VM: OpenJDK 64-Bit Server VM (25.151-b12 mixed mode linux-amd64 compressed oops)
Heap:
 def new generation   total 93248K, used 10140K [0x00000000c0000000, 0x00000000c6520000, 0x00000000d5550000)
  eden space 82944K,  12% used [0x00000000c0000000, 0x00000000c09e7060, 0x00000000c5100000)
  from space 10304K,   0% used [0x00000000c5b10000, 0x00000000c5b10000, 0x00000000c6520000)
  to   space 10304K,   0% used [0x00000000c5100000, 0x00000000c5100000, 0x00000000c5b10000)
 tenured generation   total 210028K, used 210027K [0x00000000d5550000, 0x00000000e226b000, 0x0000000100000000)
   the space 210028K,  99% used [0x00000000d5550000, 0x00000000e226afd0, 0x00000000e226b000, 0x00000000e226b000)
 Metaspace       used 127672K, capacity 129455K, committed 129792K, reserved 1161216K
  class space    used 16922K, capacity 17637K, committed 17664K, reserved 1048576K
GC Heap History (10 events):
Event: 55.519 GC heap after
Heap after GC invocations=192 (full 8):
 def new generation   total 93248K, used 3375K [0x00000000c0000000, 0x00000000c6520000, 0x00000000d5550000)
  eden space 82944K,   0% used [0x00000000c0000000, 0x00000000c0000000, 0x00000000c5100000)
  from space 10304K,  32% used [0x00000000c5100000, 0x00000000c544beb8, 0x00000000c5b10000)
  to   space 10304K,   0% used [0x00000000c5b10000, 0x00000000c5b10000, 0x00000000c6520000)
 tenured generation   total 206956K, used 158062K [0x00000000d5550000, 0x00000000e1f6b000, 0x0000000100000000)
   the space 206956K,  76% used [0x00000000d5550000, 0x00000000defab9b0, 0x00000000defaba00, 0x00000000e1f6b000)
 Metaspace       used 125255K, capacity 126913K, committed 127232K, reserved 1159168K
  class space    used 16590K, capacity 17310K, committed 17408K, reserved 1048576K
}
Event: 55.981 GC heap before
{Heap before GC invocations=192 (full 8):
 def new generation   total 93248K, used 86319K [0x00000000c0000000, 0x00000000c6520000, 0x00000000d5550000)
  eden space 82944K, 100% used [0x00000000c0000000, 0x00000000c5100000, 0x00000000c5100000)
  from space 10304K,  32% used [0x00000000c5100000, 0x00000000c544beb8, 0x00000000c5b10000)
  to   space 10304K,   0% used [0x00000000c5b10000, 0x00000000c5b10000, 0x00000000c6520000)
 tenured generation   total 206956K, used 158062K [0x00000000d5550000, 0x00000000e1f6b000, 0x0000000100000000)
   the space 206956K,  76% used [0x00000000d5550000, 0x00000000defab9b0, 0x00000000defaba00, 0x00000000e1f6b000)
 Metaspace       used 125363K, capacity 127137K, committed 127488K, reserved 1159168K
  class space    used 16596K, capacity 17342K, committed 17408K, reserved 1048576K
Event: 56.000 GC heap after
Heap after GC invocations=193 (full 8):
 def new generation   total 93248K, used 3590K [0x00000000c0000000, 0x00000000c6520000, 0x00000000d5550000)
  eden space 82944K,   0% used [0x00000000c0000000, 0x00000000c0000000, 0x00000000c5100000)
  from space 10304K,  34% used [0x00000000c5b10000, 0x00000000c5e91918, 0x00000000c6520000)
  to   space 10304K,   0% used [0x00000000c5100000, 0x00000000c5100000, 0x00000000c5b10000)
 tenured generation   total 206956K, used 158062K [0x00000000d5550000, 0x00000000e1f6b000, 0x0000000100000000)
   the space 206956K,  76% used [0x00000000d5550000, 0x00000000defab9b0, 0x00000000defaba00, 0x00000000e1f6b000)
 Metaspace       used 125363K, capacity 127137K, committed 127488K, reserved 1159168K
  class space    used 16596K, capacity 17342K, committed 17408K, reserved 1048576K
}
Event: 56.419 GC heap before
{Heap before GC invocations=193 (full 8):
 def new generation   total 93248K, used 86534K [0x00000000c0000000, 0x00000000c6520000, 0x00000000d5550000)
  eden space 82944K, 100% used [0x00000000c0000000, 0x00000000c5100000, 0x00000000c5100000)
  from space 10304K,  34% used [0x00000000c5b10000, 0x00000000c5e91918, 0x00000000c6520000)
  to   space 10304K,   0% used [0x00000000c5100000, 0x00000000c5100000, 0x00000000c5b10000)
 tenured generation   total 206956K, used 158062K [0x00000000d5550000, 0x00000000e1f6b000, 0x0000000100000000)
   the space 206956K,  76% used [0x00000000d5550000, 0x00000000defab9b0, 0x00000000defaba00, 0x00000000e1f6b000)
 Metaspace       used 125584K, capacity 127367K, committed 127488K, reserved 1159168K
  class space    used 16628K, capacity 17375K, committed 17408K, reserved 1048576K
Event: 56.431 GC heap after
Heap after GC invocations=194 (full 8):
 def new generation   total 93248K, used 2964K [0x00000000c0000000, 0x00000000c6520000, 0x00000000d5550000)
  eden space 82944K,   0% used [0x00000000c0000000, 0x00000000c0000000, 0x00000000c5100000)
  from space 10304K,  28% used [0x00000000c5100000, 0x00000000c53e51c0, 0x00000000c5b10000)
  to   space 10304K,   0% used [0x00000000c5b10000, 0x00000000c5b10000, 0x00000000c6520000)
 tenured generation   total 206956K, used 158062K [0x00000000d5550000, 0x00000000e1f6b000, 0x0000000100000000)
   the space 206956K,  76% used [0x00000000d5550000, 0x00000000defab9b0, 0x00000000defaba00, 0x00000000e1f6b000)
 Metaspace       used 125584K, capacity 127367K, committed 127488K, reserved 1159168K
  class space    used 16628K, capacity 17375K, committed 17408K, reserved 1048576K
}
Event: 104.894 GC heap before
{Heap before GC invocations=194 (full 8):
 def new generation   total 93248K, used 85908K [0x00000000c0000000, 0x00000000c6520000, 0x00000000d5550000)
  eden space 82944K, 100% used [0x00000000c0000000, 0x00000000c5100000, 0x00000000c5100000)
  from space 10304K,  28% used [0x00000000c5100000, 0x00000000c53e51c0, 0x00000000c5b10000)
  to   space 10304K,   0% used [0x00000000c5b10000, 0x00000000c5b10000, 0x00000000c6520000)
 tenured generation   total 206956K, used 158062K [0x00000000d5550000, 0x00000000e1f6b000, 0x0000000100000000)
   the space 206956K,  76% used [0x00000000d5550000, 0x00000000defab9b0, 0x00000000defaba00, 0x00000000e1f6b000)
 Metaspace       used 127181K, capacity 128939K, committed 129280K, reserved 1161216K
  class space    used 16875K, capacity 17599K, committed 17664K, reserved 1048576K
Event: 104.906 GC heap after
Heap after GC invocations=195 (full 8):
 def new generation   total 93248K, used 4677K [0x00000000c0000000, 0x00000000c6520000, 0x00000000d5550000)
  eden space 82944K,   0% used [0x00000000c0000000, 0x00000000c0000000, 0x00000000c5100000)
  from space 10304K,  45% used [0x00000000c5b10000, 0x00000000c5fa16f8, 0x00000000c6520000)
  to   space 10304K,   0% used [0x00000000c5100000, 0x00000000c5100000, 0x00000000c5b10000)
 tenured generation   total 206956K, used 158062K [0x00000000d5550000, 0x00000000e1f6b000, 0x0000000100000000)
   the space 206956K,  76% used [0x00000000d5550000, 0x00000000defab9b0, 0x00000000defaba00, 0x00000000e1f6b000)
 Metaspace       used 127181K, capacity 128939K, committed 129280K, reserved 1161216K
  class space    used 16875K, capacity 17599K, committed 17664K, reserved 1048576K
}
Event: 117.287 GC heap before
{Heap before GC invocations=195 (full 8):
 def new generation   total 93248K, used 87621K [0x00000000c0000000, 0x00000000c6520000, 0x00000000d5550000)
  eden space 82944K, 100% used [0x00000000c0000000, 0x00000000c5100000, 0x00000000c5100000)
  from space 10304K,  45% used [0x00000000c5b10000, 0x00000000c5fa16f8, 0x00000000c6520000)
  to   space 10304K,   0% used [0x00000000c5100000, 0x00000000c5100000, 0x00000000c5b10000)
 tenured generation   total 206956K, used 158062K [0x00000000d5550000, 0x00000000e1f6b000, 0x0000000100000000)
   the space 206956K,  76% used [0x00000000d5550000, 0x00000000defab9b0, 0x00000000defaba00, 0x00000000e1f6b000)
 Metaspace       used 127630K, capacity 129327K, committed 129536K, reserved 1161216K
  class space    used 16922K, capacity 17637K, committed 17664K, reserved 1048576K
Event: 117.338 GC heap after
Heap after GC invocations=196 (full 8):
 def new generation   total 93248K, used 10304K [0x00000000c0000000, 0x00000000c6520000, 0x00000000d5550000)
  eden space 82944K,   0% used [0x00000000c0000000, 0x00000000c0000000, 0x00000000c5100000)
  from space 10304K, 100% used [0x00000000c5100000, 0x00000000c5b10000, 0x00000000c5b10000)
  to   space 10304K,   0% used [0x00000000c5b10000, 0x00000000c5b10000, 0x00000000c6520000)
 tenured generation   total 206956K, used 164528K [0x00000000d5550000, 0x00000000e1f6b000, 0x0000000100000000)
   the space 206956K,  79% used [0x00000000d5550000, 0x00000000df5fc0b0, 0x00000000df5fc200, 0x00000000e1f6b000)
 Metaspace       used 127630K, capacity 129327K, committed 129536K, reserved 1161216K
  class space    used 16922K, capacity 17637K, committed 17664K, reserved 1048576K
}
Event: 117.651 GC heap before
{Heap before GC invocations=196 (full 8):
 def new generation   total 93248K, used 93248K [0x00000000c0000000, 0x00000000c6520000, 0x00000000d5550000)
  eden space 82944K, 100% used [0x00000000c0000000, 0x00000000c5100000, 0x00000000c5100000)
  from space 10304K, 100% used [0x00000000c5100000, 0x00000000c5b10000, 0x00000000c5b10000)
  to   space 10304K,   0% used [0x00000000c5b10000, 0x00000000c5b10000, 0x00000000c6520000)
 tenured generation   total 206956K, used 164528K [0x00000000d5550000, 0x00000000e1f6b000, 0x0000000100000000)
   the space 206956K,  79% used [0x00000000d5550000, 0x00000000df5fc0b0, 0x00000000df5fc200, 0x00000000e1f6b000)
 Metaspace       used 127672K, capacity 129455K, committed 129792K, reserved 1161216K
  class space    used 16922K, capacity 17637K, committed 17664K, reserved 1048576K

