# JRE version: OpenJDK Runtime Environment (8.0_151-b12) (build 1.8.0_151-8u151-b12-0ubuntu0.16.04.2-b12)
# Java VM: OpenJDK 64-Bit Server VM (25.151-b12 mixed mode linux-amd64 compressed oops)
Heap:
 def new generation   total 91648K, used 0K [0x00000000c0000000, 0x00000000c6370000, 0x00000000d5550000)
  eden space 81472K,   0% used [0x00000000c0000000, 0x00000000c0000000, 0x00000000c4f90000)
  from space 10176K,   0% used [0x00000000c5980000, 0x00000000c5980000, 0x00000000c6370000)
  to   space 10176K,   0% used [0x00000000c4f90000, 0x00000000c4f90000, 0x00000000c5980000)
 tenured generation   total 260332K, used 216401K [0x00000000d5550000, 0x00000000e538b000, 0x0000000100000000)
   the space 260332K,  83% used [0x00000000d5550000, 0x00000000e28a4438, 0x00000000e28a4600, 0x00000000e538b000)
 Metaspace       used 129157K, capacity 130975K, committed 131200K, reserved 1163264K
  class space    used 16992K, capacity 17734K, committed 17792K, reserved 1048576K
GC Heap History (10 events):
Event: 117.749 GC heap after
Heap after GC invocations=202 (full 7):
 def new generation   total 91648K, used 3779K [0x00000000c0000000, 0x00000000c6370000, 0x00000000d5550000)
  eden space 81472K,   0% used [0x00000000c0000000, 0x00000000c0000000, 0x00000000c4f90000)
  from space 10176K,  37% used [0x00000000c4f90000, 0x00000000c5340f60, 0x00000000c5980000)
  to   space 10176K,   0% used [0x00000000c5980000, 0x00000000c5980000, 0x00000000c6370000)
 tenured generation   total 203416K, used 162093K [0x00000000d5550000, 0x00000000e1bf6000, 0x0000000100000000)
   the space 203416K,  79% used [0x00000000d5550000, 0x00000000df39b670, 0x00000000df39b800, 0x00000000e1bf6000)
 Metaspace       used 126198K, capacity 127943K, committed 128128K, reserved 1159168K
  class space    used 16682K, capacity 17413K, committed 17536K, reserved 1048576K
}
Event: 118.048 GC heap before
{Heap before GC invocations=202 (full 7):
 def new generation   total 91648K, used 85251K [0x00000000c0000000, 0x00000000c6370000, 0x00000000d5550000)
  eden space 81472K, 100% used [0x00000000c0000000, 0x00000000c4f90000, 0x00000000c4f90000)
  from space 10176K,  37% used [0x00000000c4f90000, 0x00000000c5340f60, 0x00000000c5980000)
  to   space 10176K,   0% used [0x00000000c5980000, 0x00000000c5980000, 0x00000000c6370000)
 tenured generation   total 203416K, used 162093K [0x00000000d5550000, 0x00000000e1bf6000, 0x0000000100000000)
   the space 203416K,  79% used [0x00000000d5550000, 0x00000000df39b670, 0x00000000df39b800, 0x00000000e1bf6000)
 Metaspace       used 126199K, capacity 127943K, committed 128128K, reserved 1159168K
  class space    used 16682K, capacity 17413K, committed 17536K, reserved 1048576K
Event: 118.063 GC heap after
Heap after GC invocations=203 (full 7):
 def new generation   total 91648K, used 3763K [0x00000000c0000000, 0x00000000c6370000, 0x00000000d5550000)
  eden space 81472K,   0% used [0x00000000c0000000, 0x00000000c0000000, 0x00000000c4f90000)
  from space 10176K,  36% used [0x00000000c5980000, 0x00000000c5d2cf88, 0x00000000c6370000)
  to   space 10176K,   0% used [0x00000000c4f90000, 0x00000000c4f90000, 0x00000000c5980000)
 tenured generation   total 203416K, used 162093K [0x00000000d5550000, 0x00000000e1bf6000, 0x0000000100000000)
   the space 203416K,  79% used [0x00000000d5550000, 0x00000000df39b670, 0x00000000df39b800, 0x00000000e1bf6000)
 Metaspace       used 126199K, capacity 127943K, committed 128128K, reserved 1159168K
  class space    used 16682K, capacity 17413K, committed 17536K, reserved 1048576K
}
Event: 118.530 GC heap before
{Heap before GC invocations=203 (full 7):
 def new generation   total 91648K, used 85235K [0x00000000c0000000, 0x00000000c6370000, 0x00000000d5550000)
  eden space 81472K, 100% used [0x00000000c0000000, 0x00000000c4f90000, 0x00000000c4f90000)
  from space 10176K,  36% used [0x00000000c5980000, 0x00000000c5d2cf88, 0x00000000c6370000)
  to   space 10176K,   0% used [0x00000000c4f90000, 0x00000000c4f90000, 0x00000000c5980000)
 tenured generation   total 203416K, used 162093K [0x00000000d5550000, 0x00000000e1bf6000, 0x0000000100000000)
   the space 203416K,  79% used [0x00000000d5550000, 0x00000000df39b670, 0x00000000df39b800, 0x00000000e1bf6000)
 Metaspace       used 126567K, capacity 128305K, committed 128640K, reserved 1161216K
  class space    used 16715K, capacity 17446K, committed 17536K, reserved 1048576K
Event: 118.542 GC heap after
Heap after GC invocations=204 (full 7):
 def new generation   total 91648K, used 3483K [0x00000000c0000000, 0x00000000c6370000, 0x00000000d5550000)
  eden space 81472K,   0% used [0x00000000c0000000, 0x00000000c0000000, 0x00000000c4f90000)
  from space 10176K,  34% used [0x00000000c4f90000, 0x00000000c52f6d38, 0x00000000c5980000)
  to   space 10176K,   0% used [0x00000000c5980000, 0x00000000c5980000, 0x00000000c6370000)
 tenured generation   total 203416K, used 162093K [0x00000000d5550000, 0x00000000e1bf6000, 0x0000000100000000)
   the space 203416K,  79% used [0x00000000d5550000, 0x00000000df39b670, 0x00000000df39b800, 0x00000000e1bf6000)
 Metaspace       used 126567K, capacity 128305K, committed 128640K, reserved 1161216K
  class space    used 16715K, capacity 17446K, committed 17536K, reserved 1048576K
}
Event: 119.475 GC heap before
{Heap before GC invocations=204 (full 7):
 def new generation   total 91648K, used 84955K [0x00000000c0000000, 0x00000000c6370000, 0x00000000d5550000)
  eden space 81472K, 100% used [0x00000000c0000000, 0x00000000c4f90000, 0x00000000c4f90000)
  from space 10176K,  34% used [0x00000000c4f90000, 0x00000000c52f6d38, 0x00000000c5980000)
  to   space 10176K,   0% used [0x00000000c5980000, 0x00000000c5980000, 0x00000000c6370000)
 tenured generation   total 203416K, used 162093K [0x00000000d5550000, 0x00000000e1bf6000, 0x0000000100000000)
   the space 203416K,  79% used [0x00000000d5550000, 0x00000000df39b670, 0x00000000df39b800, 0x00000000e1bf6000)
 Metaspace       used 127385K, capacity 129165K, committed 129536K, reserved 1161216K
  class space    used 16797K, capacity 17537K, committed 17664K, reserved 1048576K
Event: 119.488 GC heap after
Heap after GC invocations=205 (full 7):
 def new generation   total 91648K, used 4752K [0x00000000c0000000, 0x00000000c6370000, 0x00000000d5550000)
  eden space 81472K,   0% used [0x00000000c0000000, 0x00000000c0000000, 0x00000000c4f90000)
  from space 10176K,  46% used [0x00000000c5980000, 0x00000000c5e243c8, 0x00000000c6370000)
  to   space 10176K,   0% used [0x00000000c4f90000, 0x00000000c4f90000, 0x00000000c5980000)
 tenured generation   total 203416K, used 162093K [0x00000000d5550000, 0x00000000e1bf6000, 0x0000000100000000)
   the space 203416K,  79% used [0x00000000d5550000, 0x00000000df39b670, 0x00000000df39b800, 0x00000000e1bf6000)
 Metaspace       used 127385K, capacity 129165K, committed 129536K, reserved 1161216K
  class space    used 16797K, capacity 17537K, committed 17664K, reserved 1048576K
}
Event: 120.007 GC heap before
{Heap before GC invocations=205 (full 7):
 def new generation   total 91648K, used 75691K [0x00000000c0000000, 0x00000000c6370000, 0x00000000d5550000)
  eden space 81472K,  87% used [0x00000000c0000000, 0x00000000c4546840, 0x00000000c4f90000)
  from space 10176K,  46% used [0x00000000c5980000, 0x00000000c5e243c8, 0x00000000c6370000)
  to   space 10176K,   0% used [0x00000000c4f90000, 0x00000000c4f90000, 0x00000000c5980000)
 tenured generation   total 203416K, used 162093K [0x00000000d5550000, 0x00000000e1bf6000, 0x0000000100000000)
   the space 203416K,  79% used [0x00000000d5550000, 0x00000000df39b670, 0x00000000df39b800, 0x00000000e1bf6000)
 Metaspace       used 127953K, capacity 129759K, committed 130048K, reserved 1161216K
  class space    used 16859K, capacity 17606K, committed 17664K, reserved 1048576K
Event: 120.021 GC heap after
Heap after GC invocations=206 (full 7):
 def new generation   total 91648K, used 4457K [0x00000000c0000000, 0x00000000c6370000, 0x00000000d5550000)
  eden space 81472K,   0% used [0x00000000c0000000, 0x00000000c0000000, 0x00000000c4f90000)
  from space 10176K,  43% used [0x00000000c4f90000, 0x00000000c53ea4d0, 0x00000000c5980000)
  to   space 10176K,   0% used [0x00000000c5980000, 0x00000000c5980000, 0x00000000c6370000)
 tenured generation   total 203416K, used 163061K [0x00000000d5550000, 0x00000000e1bf6000, 0x0000000100000000)
   the space 203416K,  80% used [0x00000000d5550000, 0x00000000df48d460, 0x00000000df48d600, 0x00000000e1bf6000)
 Metaspace       used 127953K, capacity 129759K, committed 130048K, reserved 1161216K
  class space    used 16859K, capacity 17606K, committed 17664K, reserved 1048576K
}
Event: 120.592 GC heap before
{Heap before GC invocations=206 (full 7):
 def new generation   total 91648K, used 85929K [0x00000000c0000000, 0x00000000c6370000, 0x00000000d5550000)
  eden space 81472K, 100% used [0x00000000c0000000, 0x00000000c4f90000, 0x00000000c4f90000)
  from space 10176K,  43% used [0x00000000c4f90000, 0x00000000c53ea4d0, 0x00000000c5980000)
  to   space 10176K,   0% used [0x00000000c5980000, 0x00000000c5980000, 0x00000000c6370000)
 tenured generation   total 203416K, used 163061K [0x00000000d5550000, 0x00000000e1bf6000, 0x0000000100000000)
   the space 203416K,  80% used [0x00000000d5550000, 0x00000000df48d460, 0x00000000df48d600, 0x00000000e1bf6000)
 Metaspace       used 129157K, capacity 130975K, committed 131200K, reserved 1163264K
  class space    used 16992K, capacity 17734K, committed 17792K, reserved 1048576K

