# JRE version: OpenJDK Runtime Environment (8.0_151-b12) (build 1.8.0_151-8u151-b12-0ubuntu0.16.04.2-b12)
# Java VM: OpenJDK 64-Bit Server VM (25.151-b12 mixed mode linux-amd64 compressed oops)
Heap:
 def new generation   total 92480K, used 0K [0x00000000c0000000, 0x00000000c6450000, 0x00000000d5550000)
  eden space 82240K,   0% used [0x00000000c0000000, 0x00000000c0000000, 0x00000000c5050000)
  from space 10240K,   0% used [0x00000000c5a50000, 0x00000000c5a50000, 0x00000000c6450000)
  to   space 10240K,   0% used [0x00000000c5050000, 0x00000000c5050000, 0x00000000c5a50000)
 tenured generation   total 262124K, used 222820K [0x00000000d5550000, 0x00000000e554b000, 0x0000000100000000)
   the space 262124K,  85% used [0x00000000d5550000, 0x00000000e2ee93c0, 0x00000000e2ee9400, 0x00000000e554b000)
 Metaspace       used 129988K, capacity 131897K, committed 131968K, reserved 1163264K
  class space    used 17019K, capacity 17775K, committed 17792K, reserved 1048576K
GC Heap History (10 events):
Event: 390.077 GC heap after
Heap after GC invocations=206 (full 8):
 def new generation   total 92480K, used 1698K [0x00000000c0000000, 0x00000000c6450000, 0x00000000d5550000)
  eden space 82240K,   0% used [0x00000000c0000000, 0x00000000c0000000, 0x00000000c5050000)
  from space 10240K,  16% used [0x00000000c5050000, 0x00000000c51f8910, 0x00000000c5a50000)
  to   space 10240K,   0% used [0x00000000c5a50000, 0x00000000c5a50000, 0x00000000c6450000)
 tenured generation   total 205208K, used 159289K [0x00000000d5550000, 0x00000000e1db6000, 0x0000000100000000)
   the space 205208K,  77% used [0x00000000d5550000, 0x00000000df0de590, 0x00000000df0de600, 0x00000000e1db6000)
 Metaspace       used 126707K, capacity 128501K, committed 128640K, reserved 1161216K
  class space    used 16695K, capacity 17445K, committed 17536K, reserved 1048576K
}
Event: 390.391 GC heap before
{Heap before GC invocations=206 (full 8):
 def new generation   total 92480K, used 83938K [0x00000000c0000000, 0x00000000c6450000, 0x00000000d5550000)
  eden space 82240K, 100% used [0x00000000c0000000, 0x00000000c5050000, 0x00000000c5050000)
  from space 10240K,  16% used [0x00000000c5050000, 0x00000000c51f8910, 0x00000000c5a50000)
  to   space 10240K,   0% used [0x00000000c5a50000, 0x00000000c5a50000, 0x00000000c6450000)
 tenured generation   total 205208K, used 159289K [0x00000000d5550000, 0x00000000e1db6000, 0x0000000100000000)
   the space 205208K,  77% used [0x00000000d5550000, 0x00000000df0de590, 0x00000000df0de600, 0x00000000e1db6000)
 Metaspace       used 126739K, capacity 128501K, committed 128640K, reserved 1161216K
  class space    used 16695K, capacity 17445K, committed 17536K, reserved 1048576K
Event: 390.398 GC heap after
Heap after GC invocations=207 (full 8):
 def new generation   total 92480K, used 1071K [0x00000000c0000000, 0x00000000c6450000, 0x00000000d5550000)
  eden space 82240K,   0% used [0x00000000c0000000, 0x00000000c0000000, 0x00000000c5050000)
  from space 10240K,  10% used [0x00000000c5a50000, 0x00000000c5b5bc18, 0x00000000c6450000)
  to   space 10240K,   0% used [0x00000000c5050000, 0x00000000c5050000, 0x00000000c5a50000)
 tenured generation   total 205208K, used 159319K [0x00000000d5550000, 0x00000000e1db6000, 0x0000000100000000)
   the space 205208K,  77% used [0x00000000d5550000, 0x00000000df0e5df0, 0x00000000df0e5e00, 0x00000000e1db6000)
 Metaspace       used 126739K, capacity 128501K, committed 128640K, reserved 1161216K
  class space    used 16695K, capacity 17445K, committed 17536K, reserved 1048576K
}
Event: 391.127 GC heap before
{Heap before GC invocations=207 (full 8):
 def new generation   total 92480K, used 83311K [0x00000000c0000000, 0x00000000c6450000, 0x00000000d5550000)
  eden space 82240K, 100% used [0x00000000c0000000, 0x00000000c5050000, 0x00000000c5050000)
  from space 10240K,  10% used [0x00000000c5a50000, 0x00000000c5b5bc18, 0x00000000c6450000)
  to   space 10240K,   0% used [0x00000000c5050000, 0x00000000c5050000, 0x00000000c5a50000)
 tenured generation   total 205208K, used 159319K [0x00000000d5550000, 0x00000000e1db6000, 0x0000000100000000)
   the space 205208K,  77% used [0x00000000d5550000, 0x00000000df0e5df0, 0x00000000df0e5e00, 0x00000000e1db6000)
 Metaspace       used 127543K, capacity 129339K, committed 129536K, reserved 1161216K
  class space    used 16802K, capacity 17542K, committed 17664K, reserved 1048576K
Event: 391.139 GC heap after
Heap after GC invocations=208 (full 8):
 def new generation   total 92480K, used 3596K [0x00000000c0000000, 0x00000000c6450000, 0x00000000d5550000)
  eden space 82240K,   0% used [0x00000000c0000000, 0x00000000c0000000, 0x00000000c5050000)
  from space 10240K,  35% used [0x00000000c5050000, 0x00000000c53d32d0, 0x00000000c5a50000)
  to   space 10240K,   0% used [0x00000000c5a50000, 0x00000000c5a50000, 0x00000000c6450000)
 tenured generation   total 205208K, used 159337K [0x00000000d5550000, 0x00000000e1db6000, 0x0000000100000000)
   the space 205208K,  77% used [0x00000000d5550000, 0x00000000df0ea4c8, 0x00000000df0ea600, 0x00000000e1db6000)
 Metaspace       used 127543K, capacity 129339K, committed 129536K, reserved 1161216K
  class space    used 16802K, capacity 17542K, committed 17664K, reserved 1048576K
}
Event: 391.974 GC heap before
{Heap before GC invocations=208 (full 8):
 def new generation   total 92480K, used 85836K [0x00000000c0000000, 0x00000000c6450000, 0x00000000d5550000)
  eden space 82240K, 100% used [0x00000000c0000000, 0x00000000c5050000, 0x00000000c5050000)
  from space 10240K,  35% used [0x00000000c5050000, 0x00000000c53d32d0, 0x00000000c5a50000)
  to   space 10240K,   0% used [0x00000000c5a50000, 0x00000000c5a50000, 0x00000000c6450000)
 tenured generation   total 205208K, used 159337K [0x00000000d5550000, 0x00000000e1db6000, 0x0000000100000000)
   the space 205208K,  77% used [0x00000000d5550000, 0x00000000df0ea4c8, 0x00000000df0ea600, 0x00000000e1db6000)
 Metaspace       used 128078K, capacity 129889K, committed 130048K, reserved 1161216K
  class space    used 16823K, capacity 17576K, committed 17664K, reserved 1048576K
Event: 392.005 GC heap after
Heap after GC invocations=209 (full 8):
 def new generation   total 92480K, used 7461K [0x00000000c0000000, 0x00000000c6450000, 0x00000000d5550000)
  eden space 82240K,   0% used [0x00000000c0000000, 0x00000000c0000000, 0x00000000c5050000)
  from space 10240K,  72% used [0x00000000c5a50000, 0x00000000c6199788, 0x00000000c6450000)
  to   space 10240K,   0% used [0x00000000c5050000, 0x00000000c5050000, 0x00000000c5a50000)
 tenured generation   total 205208K, used 159347K [0x00000000d5550000, 0x00000000e1db6000, 0x0000000100000000)
   the space 205208K,  77% used [0x00000000d5550000, 0x00000000df0ecfd8, 0x00000000df0ed000, 0x00000000e1db6000)
 Metaspace       used 128078K, capacity 129889K, committed 130048K, reserved 1161216K
  class space    used 16823K, capacity 17576K, committed 17664K, reserved 1048576K
}
Event: 392.655 GC heap before
{Heap before GC invocations=209 (full 8):
 def new generation   total 92480K, used 89701K [0x00000000c0000000, 0x00000000c6450000, 0x00000000d5550000)
  eden space 82240K, 100% used [0x00000000c0000000, 0x00000000c5050000, 0x00000000c5050000)
  from space 10240K,  72% used [0x00000000c5a50000, 0x00000000c6199788, 0x00000000c6450000)
  to   space 10240K,   0% used [0x00000000c5050000, 0x00000000c5050000, 0x00000000c5a50000)
 tenured generation   total 205208K, used 159347K [0x00000000d5550000, 0x00000000e1db6000, 0x0000000100000000)
   the space 205208K,  77% used [0x00000000d5550000, 0x00000000df0ecfd8, 0x00000000df0ed000, 0x00000000e1db6000)
 Metaspace       used 128772K, capacity 130643K, committed 130816K, reserved 1163264K
  class space    used 16883K, capacity 17614K, committed 17664K, reserved 1048576K
Event: 392.676 GC heap after
Heap after GC invocations=210 (full 8):
 def new generation   total 92480K, used 1867K [0x00000000c0000000, 0x00000000c6450000, 0x00000000d5550000)
  eden space 82240K,   0% used [0x00000000c0000000, 0x00000000c0000000, 0x00000000c5050000)
  from space 10240K,  18% used [0x00000000c5050000, 0x00000000c5222d38, 0x00000000c5a50000)
  to   space 10240K,   0% used [0x00000000c5a50000, 0x00000000c5a50000, 0x00000000c6450000)
 tenured generation   total 205208K, used 162621K [0x00000000d5550000, 0x00000000e1db6000, 0x0000000100000000)
   the space 205208K,  79% used [0x00000000d5550000, 0x00000000df41f660, 0x00000000df41f800, 0x00000000e1db6000)
 Metaspace       used 128772K, capacity 130643K, committed 130816K, reserved 1163264K
  class space    used 16883K, capacity 17614K, committed 17664K, reserved 1048576K
}
Event: 393.265 GC heap before
{Heap before GC invocations=210 (full 8):
 def new generation   total 92480K, used 84107K [0x00000000c0000000, 0x00000000c6450000, 0x00000000d5550000)
  eden space 82240K, 100% used [0x00000000c0000000, 0x00000000c5050000, 0x00000000c5050000)
  from space 10240K,  18% used [0x00000000c5050000, 0x00000000c5222d38, 0x00000000c5a50000)
  to   space 10240K,   0% used [0x00000000c5a50000, 0x00000000c5a50000, 0x00000000c6450000)
 tenured generation   total 205208K, used 162621K [0x00000000d5550000, 0x00000000e1db6000, 0x0000000100000000)
   the space 205208K,  79% used [0x00000000d5550000, 0x00000000df41f660, 0x00000000df41f800, 0x00000000e1db6000)
 Metaspace       used 129988K, capacity 131897K, committed 131968K, reserved 1163264K
  class space    used 17019K, capacity 17775K, committed 17792K, reserved 1048576K

